#
# There is insufficient memory for the Java Runtime Environment to continue.
# Native memory allocation (mmap) failed to map 261095424 bytes for G1 virtual space
# Possible reasons:
#   The system is out of physical RAM or swap space
#   The process is running with CompressedOops enabled, and the Java Heap may be blocking the growth of the native heap
# Possible solutions:
#   Reduce memory load on the system
#   Increase physical memory or swap space
#   Check if swap backing store is full
#   Decrease Java heap size (-Xmx/-Xms)
#   Decrease number of Java threads
#   Decrease Java thread stack sizes (-Xss)
#   Set larger code cache with -XX:ReservedCodeCacheSize=
#   JVM is running with Unscaled Compressed Oops mode in which the Java heap is
#     placed in the first 4GB address space. The Java Heap base address is the
#     maximum limit for the native heap growth. Please use -XX:HeapBaseMinAddress
#     to set the Java Heap base and to place the Java Heap above 4GB virtual address.
# This output file may be truncated or incomplete.
#
#  Out of Memory Error (os_windows.cpp:3600), pid=3692, tid=26576
#
# JRE version: Java(TM) SE Runtime Environment (21.0.4+8) (build 21.0.4+8-LTS-274)
# Java VM: Java HotSpot(TM) 64-Bit Server VM (21.0.4+8-LTS-274, mixed mode, sharing, tiered, compressed oops, compressed class ptrs, g1 gc, windows-amd64)
# No core dump will be written. Minidumps are not enabled by default on client versions of Windows
#

---------------  S U M M A R Y ------------

Command Line: -XX:+ShowCodeDetailsInExceptionMessages com.example.codingCamp.CodingCampApplication

Host: AMD Ryzen 3 5300U with Radeon Graphics         , 8 cores, 5G,  Windows 11 , 64 bit Build 22621 (10.0.22621.5262)
Time: Fri Jun  6 02:27:41 2025 SE Asia Standard Time elapsed time: 21.198880 seconds (0d 0h 0m 21s)

---------------  T H R E A D  ---------------

Current thread (0x000002997409a3e0):  VMThread "VM Thread"          [id=26576, stack(0x000000d7eb300000,0x000000d7eb400000) (1024K)]

Stack: [0x000000d7eb300000,0x000000d7eb400000]
Native frames: (J=compiled Java code, j=interpreted, Vv=VM code, C=native code)
V  [jvm.dll+0x6c8e59]
V  [jvm.dll+0x853181]
V  [jvm.dll+0x8556ae]
V  [jvm.dll+0x855d83]
V  [jvm.dll+0x27d526]
V  [jvm.dll+0x6c55f5]
V  [jvm.dll+0x6ba17a]
V  [jvm.dll+0x352a8a]
V  [jvm.dll+0x35a6e6]
V  [jvm.dll+0x3acdae]
V  [jvm.dll+0x3ad058]
V  [jvm.dll+0x326dec]
V  [jvm.dll+0x326e77]
V  [jvm.dll+0x36b75c]
V  [jvm.dll+0x369fae]
V  [jvm.dll+0x3265b1]
V  [jvm.dll+0x3696ca]
V  [jvm.dll+0x85bb50]
V  [jvm.dll+0x85ced4]
V  [jvm.dll+0x85d410]
V  [jvm.dll+0x85d6b3]
V  [jvm.dll+0x7fd65b]
V  [jvm.dll+0x6c753d]
C  [ucrtbase.dll+0x29333]
C  [KERNEL32.DLL+0x1259d]
C  [ntdll.dll+0x5af58]

VM_Operation (0x000000d7ebff9bd0): G1CollectForAllocation, mode: safepoint, requested by thread 0x00000299791dd1d0


---------------  P R O C E S S  ---------------

Threads class SMR info:
_java_thread_list=0x000002997dbcdbc0, length=18, elements={
0x0000029956000240, 0x00000299740b60a0, 0x00000299740b6fc0, 0x00000299740bb2a0,
0x00000299740bc260, 0x00000299740c0480, 0x00000299740c17b0, 0x00000299740cdce0,
0x00000299740d30b0, 0x000002997434e610, 0x000002997434ee40, 0x00000299791dffc0,
0x00000299791dd1d0, 0x00000299791de580, 0x00000299791dec10, 0x000002997bfea230,
0x000002997bfe8e80, 0x000002997bfea8c0
}

Java Threads: ( => current thread )
  0x0000029956000240 JavaThread "main"                              [_thread_blocked, id=33840, stack(0x000000d7eac00000,0x000000d7ead00000) (1024K)]
  0x00000299740b60a0 JavaThread "Reference Handler"          daemon [_thread_blocked, id=33324, stack(0x000000d7eb400000,0x000000d7eb500000) (1024K)]
  0x00000299740b6fc0 JavaThread "Finalizer"                  daemon [_thread_blocked, id=17104, stack(0x000000d7eb500000,0x000000d7eb600000) (1024K)]
  0x00000299740bb2a0 JavaThread "Signal Dispatcher"          daemon [_thread_blocked, id=29600, stack(0x000000d7eb600000,0x000000d7eb700000) (1024K)]
  0x00000299740bc260 JavaThread "Attach Listener"            daemon [_thread_blocked, id=29100, stack(0x000000d7eb700000,0x000000d7eb800000) (1024K)]
  0x00000299740c0480 JavaThread "Service Thread"             daemon [_thread_blocked, id=27756, stack(0x000000d7eb800000,0x000000d7eb900000) (1024K)]
  0x00000299740c17b0 JavaThread "Monitor Deflation Thread"   daemon [_thread_blocked, id=34180, stack(0x000000d7eb900000,0x000000d7eba00000) (1024K)]
  0x00000299740cdce0 JavaThread "C2 CompilerThread0"         daemon [_thread_blocked, id=15260, stack(0x000000d7eba00000,0x000000d7ebb00000) (1024K)]
  0x00000299740d30b0 JavaThread "C1 CompilerThread0"         daemon [_thread_blocked, id=30792, stack(0x000000d7ebb00000,0x000000d7ebc00000) (1024K)]
  0x000002997434e610 JavaThread "Notification Thread"        daemon [_thread_blocked, id=9732, stack(0x000000d7ebc00000,0x000000d7ebd00000) (1024K)]
  0x000002997434ee40 JavaThread "Common-Cleaner"             daemon [_thread_blocked, id=32272, stack(0x000000d7ebd00000,0x000000d7ebe00000) (1024K)]
  0x00000299791dffc0 JavaThread "Thread-0"                          [_thread_blocked, id=18344, stack(0x000000d7ebe00000,0x000000d7ebf00000) (1024K)]
  0x00000299791dd1d0 JavaThread "restartedMain"                     [_thread_blocked, id=11152, stack(0x000000d7ebf00000,0x000000d7ec000000) (1024K)]
  0x00000299791de580 JavaThread "Catalina-utility-1"                [_thread_blocked, id=27112, stack(0x000000d7eca00000,0x000000d7ecb00000) (1024K)]
  0x00000299791dec10 JavaThread "Catalina-utility-2"                [_thread_blocked, id=34332, stack(0x000000d7ecb00000,0x000000d7ecc00000) (1024K)]
  0x000002997bfea230 JavaThread "container-0"                       [_thread_blocked, id=14692, stack(0x000000d7ecc00000,0x000000d7ecd00000) (1024K)]
  0x000002997bfe8e80 JavaThread "PostgreSQL-JDBC-Cleaner"    daemon [_thread_blocked, id=27644, stack(0x000000d7ec900000,0x000000d7eca00000) (1024K)]
  0x000002997bfea8c0 JavaThread "HikariPool-1 housekeeper"   daemon [_thread_blocked, id=31216, stack(0x000000d7ecd00000,0x000000d7ece00000) (1024K)]
Total: 18

Other Threads:
=>0x000002997409a3e0 VMThread "VM Thread"                           [id=26576, stack(0x000000d7eb300000,0x000000d7eb400000) (1024K)]
  0x000002997407ed60 WatcherThread "VM Periodic Task Thread"        [id=10180, stack(0x000000d7eb200000,0x000000d7eb300000) (1024K)]
  0x00000299581f9fc0 WorkerThread "GC Thread#0"                     [id=28596, stack(0x000000d7ead00000,0x000000d7eae00000) (1024K)]
  0x0000029974aaed50 WorkerThread "GC Thread#1"                     [id=25184, stack(0x000000d7ec000000,0x000000d7ec100000) (1024K)]
  0x0000029974b23900 WorkerThread "GC Thread#2"                     [id=24996, stack(0x000000d7ec100000,0x000000d7ec200000) (1024K)]
  0x0000029974b23ca0 WorkerThread "GC Thread#3"                     [id=16568, stack(0x000000d7ec200000,0x000000d7ec300000) (1024K)]
  0x0000029974b24040 WorkerThread "GC Thread#4"                     [id=33492, stack(0x000000d7ec300000,0x000000d7ec400000) (1024K)]
  0x0000029974b243e0 WorkerThread "GC Thread#5"                     [id=23064, stack(0x000000d7ec400000,0x000000d7ec500000) (1024K)]
  0x00000299796af730 WorkerThread "GC Thread#6"                     [id=31440, stack(0x000000d7ec600000,0x000000d7ec700000) (1024K)]
  0x00000299796afad0 WorkerThread "GC Thread#7"                     [id=12908, stack(0x000000d7ec700000,0x000000d7ec800000) (1024K)]
  0x00000299582075a0 ConcurrentGCThread "G1 Main Marker"            [id=24052, stack(0x000000d7eae00000,0x000000d7eaf00000) (1024K)]
  0x0000029958208840 WorkerThread "G1 Conc#0"                       [id=30944, stack(0x000000d7eaf00000,0x000000d7eb000000) (1024K)]
  0x00000299796aec50 WorkerThread "G1 Conc#1"                       [id=33544, stack(0x000000d7ec800000,0x000000d7ec900000) (1024K)]
  0x0000029973f4d530 ConcurrentGCThread "G1 Refine#0"               [id=14428, stack(0x000000d7eb000000,0x000000d7eb100000) (1024K)]
  0x0000029973f4e4c0 ConcurrentGCThread "G1 Service"                [id=11404, stack(0x000000d7eb100000,0x000000d7eb200000) (1024K)]
Total: 15

Threads with active compile tasks:
C2 CompilerThread0    21263 6922 %     4       org.antlr.v4.runtime.misc.FlexibleHashMap::values @ 50 (95 bytes)
Total: 1

VM state: at safepoint (normal execution)

VM Mutex/Monitor currently owned by a thread:  ([mutex/lock_event])
[0x00007ffaa0d27e98] Threads_lock - owner thread: 0x000002997409a3e0
[0x00007ffaa0d27f98] Heap_lock - owner thread: 0x00000299791dd1d0

Heap address: 0x00000000a2200000, size: 1502 MB, Compressed Oops mode: 32-bit

CDS archive(s) mapped at: [0x0000029900000000-0x0000029900c90000-0x0000029900c90000), size 13172736, SharedBaseAddress: 0x0000029900000000, ArchiveRelocationMode: 1.
Compressed class space mapped at: 0x0000029901000000-0x0000029941000000, reserved size: 1073741824
Narrow klass base: 0x0000029900000000, Narrow klass shift: 0, Narrow klass range: 0x100000000

GC Precious Log:
 CardTable entry size: 512
 Card Set container configuration: InlinePtr #cards 5 size 8 Array Of Cards #cards 12 size 40 Howl #buckets 4 coarsen threshold 1843 Howl Bitmap #cards 512 size 80 coarsen threshold 460 Card regions per heap region 1 cards per card region 2048
 CPUs: 8 total, 8 available
 Memory: 6005M
 Large Page Support: Disabled
 NUMA Support: Disabled
 Compressed Oops: Enabled (32-bit)
 Heap Region Size: 1M
 Heap Min Capacity: 8M
 Heap Initial Capacity: 94M
 Heap Max Capacity: 1502M
 Pre-touch: Disabled
 Parallel Workers: 8
 Concurrent Workers: 2
 Concurrent Refinement Workers: 8
 Periodic GC: Disabled

Heap:
 garbage-first heap   total 265216K, used 148480K [0x00000000a2200000, 0x0000000100000000)
  region size 1024K, 4 young (4096K), 4 survivors (4096K)
 Metaspace       used 70694K, committed 71424K, reserved 1114112K
  class space    used 10069K, committed 10432K, reserved 1048576K

Heap Regions: E=young(eden), S=young(survivor), O=old, HS=humongous(starts), HC=humongous(continues), CS=collection set, F=free, TAMS=top-at-mark-start, PB=parsable bottom
|   0|0x00000000a2200000, 0x00000000a2300000, 0x00000000a2300000|100%|HS|  |TAMS 0x00000000a2300000| PB 0x00000000a2200000| Complete 
|   1|0x00000000a2300000, 0x00000000a2400000, 0x00000000a2400000|100%|HS|  |TAMS 0x00000000a2400000| PB 0x00000000a2300000| Complete 
|   2|0x00000000a2400000, 0x00000000a2500000, 0x00000000a2500000|100%| O|  |TAMS 0x00000000a2500000| PB 0x00000000a2400000| Untracked 
|   3|0x00000000a2500000, 0x00000000a2600000, 0x00000000a2600000|100%| O|  |TAMS 0x00000000a2600000| PB 0x00000000a2500000| Untracked 
|   4|0x00000000a2600000, 0x00000000a2700000, 0x00000000a2700000|100%| O|  |TAMS 0x00000000a2700000| PB 0x00000000a2600000| Untracked 
|   5|0x00000000a2700000, 0x00000000a2800000, 0x00000000a2800000|100%| O|  |TAMS 0x00000000a2800000| PB 0x00000000a2700000| Untracked 
|   6|0x00000000a2800000, 0x00000000a2900000, 0x00000000a2900000|100%| O|  |TAMS 0x00000000a2900000| PB 0x00000000a2800000| Untracked 
|   7|0x00000000a2900000, 0x00000000a2a00000, 0x00000000a2a00000|100%| O|  |TAMS 0x00000000a2a00000| PB 0x00000000a2900000| Untracked 
|   8|0x00000000a2a00000, 0x00000000a2b00000, 0x00000000a2b00000|100%| O|  |TAMS 0x00000000a2b00000| PB 0x00000000a2a00000| Untracked 
|   9|0x00000000a2b00000, 0x00000000a2c00000, 0x00000000a2c00000|100%| O|  |TAMS 0x00000000a2c00000| PB 0x00000000a2b00000| Untracked 
|  10|0x00000000a2c00000, 0x00000000a2d00000, 0x00000000a2d00000|100%| O|  |TAMS 0x00000000a2d00000| PB 0x00000000a2c00000| Untracked 
|  11|0x00000000a2d00000, 0x00000000a2e00000, 0x00000000a2e00000|100%| O|  |TAMS 0x00000000a2e00000| PB 0x00000000a2d00000| Untracked 
|  12|0x00000000a2e00000, 0x00000000a2f00000, 0x00000000a2f00000|100%| O|  |TAMS 0x00000000a2f00000| PB 0x00000000a2e00000| Untracked 
|  13|0x00000000a2f00000, 0x00000000a3000000, 0x00000000a3000000|100%| O|  |TAMS 0x00000000a3000000| PB 0x00000000a2f00000| Updating 
|  14|0x00000000a3000000, 0x00000000a3100000, 0x00000000a3100000|100%| O|  |TAMS 0x00000000a3100000| PB 0x00000000a3000000| Untracked 
|  15|0x00000000a3100000, 0x00000000a3200000, 0x00000000a3200000|100%| O|  |TAMS 0x00000000a3200000| PB 0x00000000a3100000| Untracked 
|  16|0x00000000a3200000, 0x00000000a3300000, 0x00000000a3300000|100%| O|  |TAMS 0x00000000a3300000| PB 0x00000000a3200000| Updating 
|  17|0x00000000a3300000, 0x00000000a3400000, 0x00000000a3400000|100%| O|  |TAMS 0x00000000a3400000| PB 0x00000000a3300000| Untracked 
|  18|0x00000000a3400000, 0x00000000a3500000, 0x00000000a3500000|100%| O|  |TAMS 0x00000000a3500000| PB 0x00000000a3400000| Untracked 
|  19|0x00000000a3500000, 0x00000000a3600000, 0x00000000a3600000|100%| O|  |TAMS 0x00000000a3600000| PB 0x00000000a3500000| Untracked 
|  20|0x00000000a3600000, 0x00000000a3700000, 0x00000000a3700000|100%| O|  |TAMS 0x00000000a3700000| PB 0x00000000a3600000| Untracked 
|  21|0x00000000a3700000, 0x00000000a3800000, 0x00000000a3800000|100%| O|  |TAMS 0x00000000a3800000| PB 0x00000000a3700000| Untracked 
|  22|0x00000000a3800000, 0x00000000a3900000, 0x00000000a3900000|100%| O|  |TAMS 0x00000000a3900000| PB 0x00000000a3800000| Untracked 
|  23|0x00000000a3900000, 0x00000000a3a00000, 0x00000000a3a00000|100%| O|  |TAMS 0x00000000a3a00000| PB 0x00000000a3900000| Untracked 
|  24|0x00000000a3a00000, 0x00000000a3b00000, 0x00000000a3b00000|100%| O|  |TAMS 0x00000000a3b00000| PB 0x00000000a3a00000| Untracked 
|  25|0x00000000a3b00000, 0x00000000a3c00000, 0x00000000a3c00000|100%| O|  |TAMS 0x00000000a3c00000| PB 0x00000000a3b00000| Untracked 
|  26|0x00000000a3c00000, 0x00000000a3d00000, 0x00000000a3d00000|100%| O|  |TAMS 0x00000000a3d00000| PB 0x00000000a3c00000| Updating 
|  27|0x00000000a3d00000, 0x00000000a3e00000, 0x00000000a3e00000|100%| O|  |TAMS 0x00000000a3e00000| PB 0x00000000a3d00000| Untracked 
|  28|0x00000000a3e00000, 0x00000000a3f00000, 0x00000000a3f00000|100%| O|  |TAMS 0x00000000a3f00000| PB 0x00000000a3e00000| Updating 
|  29|0x00000000a3f00000, 0x00000000a4000000, 0x00000000a4000000|100%| O|  |TAMS 0x00000000a4000000| PB 0x00000000a3f00000| Untracked 
|  30|0x00000000a4000000, 0x00000000a4100000, 0x00000000a4100000|100%| O|  |TAMS 0x00000000a4100000| PB 0x00000000a4000000| Updating 
|  31|0x00000000a4100000, 0x00000000a4200000, 0x00000000a4200000|100%| O|  |TAMS 0x00000000a4200000| PB 0x00000000a4100000| Updating 
|  32|0x00000000a4200000, 0x00000000a4300000, 0x00000000a4300000|100%| O|  |TAMS 0x00000000a4300000| PB 0x00000000a4200000| Updating 
|  33|0x00000000a4300000, 0x00000000a4400000, 0x00000000a4400000|100%| O|  |TAMS 0x00000000a4400000| PB 0x00000000a4300000| Updating 
|  34|0x00000000a4400000, 0x00000000a4500000, 0x00000000a4500000|100%| O|  |TAMS 0x00000000a4500000| PB 0x00000000a4400000| Updating 
|  35|0x00000000a4500000, 0x00000000a4600000, 0x00000000a4600000|100%| O|  |TAMS 0x00000000a4600000| PB 0x00000000a4500000| Updating 
|  36|0x00000000a4600000, 0x00000000a4700000, 0x00000000a4700000|100%| O|  |TAMS 0x00000000a4700000| PB 0x00000000a4600000| Updating 
|  37|0x00000000a4700000, 0x00000000a4800000, 0x00000000a4800000|100%| O|  |TAMS 0x00000000a4800000| PB 0x00000000a4700000| Updating 
|  38|0x00000000a4800000, 0x00000000a4900000, 0x00000000a4900000|100%| O|  |TAMS 0x00000000a4900000| PB 0x00000000a4800000| Updating 
|  39|0x00000000a4900000, 0x00000000a4a00000, 0x00000000a4a00000|100%| O|  |TAMS 0x00000000a4a00000| PB 0x00000000a4900000| Updating 
|  40|0x00000000a4a00000, 0x00000000a4b00000, 0x00000000a4b00000|100%| O|  |TAMS 0x00000000a4b00000| PB 0x00000000a4a00000| Updating 
|  41|0x00000000a4b00000, 0x00000000a4c00000, 0x00000000a4c00000|100%| O|  |TAMS 0x00000000a4c00000| PB 0x00000000a4b00000| Updating 
|  42|0x00000000a4c00000, 0x00000000a4d00000, 0x00000000a4d00000|100%| O|  |TAMS 0x00000000a4d00000| PB 0x00000000a4c00000| Updating 
|  43|0x00000000a4d00000, 0x00000000a4e00000, 0x00000000a4e00000|100%| O|  |TAMS 0x00000000a4e00000| PB 0x00000000a4d00000| Updating 
|  44|0x00000000a4e00000, 0x00000000a4f00000, 0x00000000a4f00000|100%| O|  |TAMS 0x00000000a4f00000| PB 0x00000000a4e00000| Updating 
|  45|0x00000000a4f00000, 0x00000000a5000000, 0x00000000a5000000|100%| O|  |TAMS 0x00000000a5000000| PB 0x00000000a4f00000| Untracked 
|  46|0x00000000a5000000, 0x00000000a5100000, 0x00000000a5100000|100%| O|  |TAMS 0x00000000a5100000| PB 0x00000000a5000000| Updating 
|  47|0x00000000a5100000, 0x00000000a5200000, 0x00000000a5200000|100%| O|  |TAMS 0x00000000a5200000| PB 0x00000000a5100000| Updating 
|  48|0x00000000a5200000, 0x00000000a5300000, 0x00000000a5300000|100%| O|  |TAMS 0x00000000a5300000| PB 0x00000000a5200000| Updating 
|  49|0x00000000a5300000, 0x00000000a5400000, 0x00000000a5400000|100%| O|  |TAMS 0x00000000a5400000| PB 0x00000000a5300000| Updating 
|  50|0x00000000a5400000, 0x00000000a5500000, 0x00000000a5500000|100%| O|  |TAMS 0x00000000a5500000| PB 0x00000000a5400000| Updating 
|  51|0x00000000a5500000, 0x00000000a5600000, 0x00000000a5600000|100%| O|  |TAMS 0x00000000a5600000| PB 0x00000000a5500000| Updating 
|  52|0x00000000a5600000, 0x00000000a5700000, 0x00000000a5700000|100%| O|  |TAMS 0x00000000a5600000| PB 0x00000000a5600000| Untracked 
|  53|0x00000000a5700000, 0x00000000a5800000, 0x00000000a5800000|100%| O|  |TAMS 0x00000000a5800000| PB 0x00000000a5700000| Updating 
|  54|0x00000000a5800000, 0x00000000a5900000, 0x00000000a5900000|100%| O|  |TAMS 0x00000000a5900000| PB 0x00000000a5800000| Updating 
|  55|0x00000000a5900000, 0x00000000a5a00000, 0x00000000a5a00000|100%| O|  |TAMS 0x00000000a5a00000| PB 0x00000000a5900000| Updating 
|  56|0x00000000a5a00000, 0x00000000a5b00000, 0x00000000a5b00000|100%| O|  |TAMS 0x00000000a5b00000| PB 0x00000000a5a00000| Updating 
|  57|0x00000000a5b00000, 0x00000000a5c00000, 0x00000000a5c00000|100%| O|  |TAMS 0x00000000a5c00000| PB 0x00000000a5b00000| Updating 
|  58|0x00000000a5c00000, 0x00000000a5d00000, 0x00000000a5d00000|100%| O|  |TAMS 0x00000000a5c00000| PB 0x00000000a5c00000| Untracked 
|  59|0x00000000a5d00000, 0x00000000a5e00000, 0x00000000a5e00000|100%| O|  |TAMS 0x00000000a5e00000| PB 0x00000000a5d00000| Updating 
|  60|0x00000000a5e00000, 0x00000000a5f00000, 0x00000000a5f00000|100%| O|  |TAMS 0x00000000a5f00000| PB 0x00000000a5e00000| Updating 
|  61|0x00000000a5f00000, 0x00000000a6000000, 0x00000000a6000000|100%| O|  |TAMS 0x00000000a6000000| PB 0x00000000a5f00000| Updating 
|  62|0x00000000a6000000, 0x00000000a6100000, 0x00000000a6100000|100%| O|  |TAMS 0x00000000a6100000| PB 0x00000000a6000000| Updating 
|  63|0x00000000a6100000, 0x00000000a6200000, 0x00000000a6200000|100%| O|  |TAMS 0x00000000a6200000| PB 0x00000000a6100000| Untracked 
|  64|0x00000000a6200000, 0x00000000a6300000, 0x00000000a6300000|100%| O|  |TAMS 0x00000000a6300000| PB 0x00000000a6200000| Updating 
|  65|0x00000000a6300000, 0x00000000a6400000, 0x00000000a6400000|100%| O|  |TAMS 0x00000000a6400000| PB 0x00000000a6300000| Updating 
|  66|0x00000000a6400000, 0x00000000a6500000, 0x00000000a6500000|100%| O|  |TAMS 0x00000000a6500000| PB 0x00000000a6400000| Updating 
|  67|0x00000000a6500000, 0x00000000a6600000, 0x00000000a6600000|100%| O|  |TAMS 0x00000000a6600000| PB 0x00000000a6500000| Untracked 
|  68|0x00000000a6600000, 0x00000000a6700000, 0x00000000a6700000|100%| O|  |TAMS 0x00000000a6700000| PB 0x00000000a6600000| Untracked 
|  69|0x00000000a6700000, 0x00000000a6800000, 0x00000000a6800000|100%| O|  |TAMS 0x00000000a6800000| PB 0x00000000a6700000| Untracked 
|  70|0x00000000a6800000, 0x00000000a6900000, 0x00000000a6900000|100%| O|  |TAMS 0x00000000a6900000| PB 0x00000000a6800000| Untracked 
|  71|0x00000000a6900000, 0x00000000a6a00000, 0x00000000a6a00000|100%| O|  |TAMS 0x00000000a6a00000| PB 0x00000000a6900000| Untracked 
|  72|0x00000000a6a00000, 0x00000000a6b00000, 0x00000000a6b00000|100%| O|  |TAMS 0x00000000a6b00000| PB 0x00000000a6a00000| Untracked 
|  73|0x00000000a6b00000, 0x00000000a6c00000, 0x00000000a6c00000|100%| O|  |TAMS 0x00000000a6c00000| PB 0x00000000a6b00000| Updating 
|  74|0x00000000a6c00000, 0x00000000a6d00000, 0x00000000a6d00000|100%| O|  |TAMS 0x00000000a6c00000| PB 0x00000000a6c00000| Untracked 
|  75|0x00000000a6d00000, 0x00000000a6e00000, 0x00000000a6e00000|100%|HS|  |TAMS 0x00000000a6e00000| PB 0x00000000a6d00000| Complete 
|  76|0x00000000a6e00000, 0x00000000a6f00000, 0x00000000a6f00000|100%|HC|  |TAMS 0x00000000a6f00000| PB 0x00000000a6e00000| Complete 
|  77|0x00000000a6f00000, 0x00000000a7000000, 0x00000000a7000000|100%| O|  |TAMS 0x00000000a7000000| PB 0x00000000a6f00000| Untracked 
|  78|0x00000000a7000000, 0x00000000a7100000, 0x00000000a7100000|100%| O|  |TAMS 0x00000000a7100000| PB 0x00000000a7000000| Untracked 
|  79|0x00000000a7100000, 0x00000000a7200000, 0x00000000a7200000|100%| O|  |TAMS 0x00000000a7200000| PB 0x00000000a7100000| Untracked 
|  80|0x00000000a7200000, 0x00000000a7300000, 0x00000000a7300000|100%| O|  |TAMS 0x00000000a7300000| PB 0x00000000a7200000| Untracked 
|  81|0x00000000a7300000, 0x00000000a7400000, 0x00000000a7400000|100%| O|  |TAMS 0x00000000a7400000| PB 0x00000000a7300000| Untracked 
|  82|0x00000000a7400000, 0x00000000a7500000, 0x00000000a7500000|100%| O|  |TAMS 0x00000000a7500000| PB 0x00000000a7400000| Untracked 
|  83|0x00000000a7500000, 0x00000000a7600000, 0x00000000a7600000|100%| O|  |TAMS 0x00000000a7600000| PB 0x00000000a7500000| Untracked 
|  84|0x00000000a7600000, 0x00000000a7700000, 0x00000000a7700000|100%| O|  |TAMS 0x00000000a7700000| PB 0x00000000a7600000| Untracked 
|  85|0x00000000a7700000, 0x00000000a7800000, 0x00000000a7800000|100%| O|  |TAMS 0x00000000a7800000| PB 0x00000000a7700000| Untracked 
|  86|0x00000000a7800000, 0x00000000a7900000, 0x00000000a7900000|100%| O|  |TAMS 0x00000000a7900000| PB 0x00000000a7800000| Untracked 
|  87|0x00000000a7900000, 0x00000000a7a00000, 0x00000000a7a00000|100%| O|  |TAMS 0x00000000a7a00000| PB 0x00000000a7900000| Untracked 
|  88|0x00000000a7a00000, 0x00000000a7b00000, 0x00000000a7b00000|100%| O|  |TAMS 0x00000000a7b00000| PB 0x00000000a7a00000| Untracked 
|  89|0x00000000a7b00000, 0x00000000a7c00000, 0x00000000a7c00000|100%| O|  |TAMS 0x00000000a7c00000| PB 0x00000000a7b00000| Untracked 
|  90|0x00000000a7c00000, 0x00000000a7d00000, 0x00000000a7d00000|100%| O|  |TAMS 0x00000000a7d00000| PB 0x00000000a7c00000| Untracked 
|  91|0x00000000a7d00000, 0x00000000a7e00000, 0x00000000a7e00000|100%| O|  |TAMS 0x00000000a7e00000| PB 0x00000000a7e00000| Untracked 
|  92|0x00000000a7e00000, 0x00000000a7f00000, 0x00000000a7f00000|100%| O|  |TAMS 0x00000000a7f00000| PB 0x00000000a7f00000| Untracked 
|  93|0x00000000a7f00000, 0x00000000a8000000, 0x00000000a8000000|100%| O|  |TAMS 0x00000000a8000000| PB 0x00000000a8000000| Untracked 
|  94|0x00000000a8000000, 0x00000000a8100000, 0x00000000a8100000|100%| O|  |TAMS 0x00000000a8100000| PB 0x00000000a8100000| Updating 
|  95|0x00000000a8100000, 0x00000000a8200000, 0x00000000a8200000|100%| O|  |TAMS 0x00000000a8200000| PB 0x00000000a8200000| Updating 
|  96|0x00000000a8200000, 0x00000000a8300000, 0x00000000a8300000|100%| O|  |TAMS 0x00000000a8300000| PB 0x00000000a8300000| Updating 
|  97|0x00000000a8300000, 0x00000000a8400000, 0x00000000a8400000|100%| O|  |TAMS 0x00000000a8400000| PB 0x00000000a8400000| Updating 
|  98|0x00000000a8400000, 0x00000000a8500000, 0x00000000a8500000|100%| O|  |TAMS 0x00000000a8500000| PB 0x00000000a8500000| Untracked 
|  99|0x00000000a8500000, 0x00000000a8600000, 0x00000000a8600000|100%| O|  |TAMS 0x00000000a8600000| PB 0x00000000a8600000| Untracked 
| 100|0x00000000a8600000, 0x00000000a8700000, 0x00000000a8700000|100%| O|  |TAMS 0x00000000a8700000| PB 0x00000000a8700000| Untracked 
| 101|0x00000000a8700000, 0x00000000a8800000, 0x00000000a8800000|100%| O|  |TAMS 0x00000000a8800000| PB 0x00000000a8800000| Untracked 
| 102|0x00000000a8800000, 0x00000000a8900000, 0x00000000a8900000|100%| O|  |TAMS 0x00000000a8800000| PB 0x00000000a8800000| Untracked 
| 103|0x00000000a8900000, 0x00000000a8a00000, 0x00000000a8a00000|100%| O|  |TAMS 0x00000000a8900000| PB 0x00000000a8900000| Untracked 
| 104|0x00000000a8a00000, 0x00000000a8b00000, 0x00000000a8b00000|100%| O|  |TAMS 0x00000000a8a00000| PB 0x00000000a8a00000| Untracked 
| 105|0x00000000a8b00000, 0x00000000a8c00000, 0x00000000a8c00000|100%| O|  |TAMS 0x00000000a8b00000| PB 0x00000000a8b00000| Untracked 
| 106|0x00000000a8c00000, 0x00000000a8d00000, 0x00000000a8d00000|100%| O|  |TAMS 0x00000000a8c00000| PB 0x00000000a8c00000| Untracked 
| 107|0x00000000a8d00000, 0x00000000a8e00000, 0x00000000a8e00000|100%| O|  |TAMS 0x00000000a8d00000| PB 0x00000000a8d00000| Untracked 
| 108|0x00000000a8e00000, 0x00000000a8f00000, 0x00000000a8f00000|100%| O|  |TAMS 0x00000000a8e00000| PB 0x00000000a8e00000| Untracked 
| 109|0x00000000a8f00000, 0x00000000a9000000, 0x00000000a9000000|100%| O|  |TAMS 0x00000000a8f00000| PB 0x00000000a8f00000| Untracked 
| 110|0x00000000a9000000, 0x00000000a9100000, 0x00000000a9100000|100%| O|  |TAMS 0x00000000a9000000| PB 0x00000000a9000000| Untracked 
| 111|0x00000000a9100000, 0x00000000a9200000, 0x00000000a9200000|100%| O|  |TAMS 0x00000000a9200000| PB 0x00000000a9200000| Untracked 
| 112|0x00000000a9200000, 0x00000000a9300000, 0x00000000a9300000|100%| O|  |TAMS 0x00000000a9300000| PB 0x00000000a9300000| Untracked 
| 113|0x00000000a9300000, 0x00000000a9400000, 0x00000000a9400000|100%| O|  |TAMS 0x00000000a9400000| PB 0x00000000a9400000| Untracked 
| 114|0x00000000a9400000, 0x00000000a9500000, 0x00000000a9500000|100%| O|  |TAMS 0x00000000a9500000| PB 0x00000000a9500000| Untracked 
| 115|0x00000000a9500000, 0x00000000a9600000, 0x00000000a9600000|100%| O|  |TAMS 0x00000000a9600000| PB 0x00000000a9600000| Untracked 
| 116|0x00000000a9600000, 0x00000000a9700000, 0x00000000a9700000|100%| O|  |TAMS 0x00000000a9700000| PB 0x00000000a9700000| Untracked 
| 117|0x00000000a9700000, 0x00000000a9800000, 0x00000000a9800000|100%| O|  |TAMS 0x00000000a9800000| PB 0x00000000a9800000| Untracked 
| 118|0x00000000a9800000, 0x00000000a9900000, 0x00000000a9900000|100%| O|  |TAMS 0x00000000a9900000| PB 0x00000000a9900000| Untracked 
| 119|0x00000000a9900000, 0x00000000a9a00000, 0x00000000a9a00000|100%| O|  |TAMS 0x00000000a9a00000| PB 0x00000000a9a00000| Untracked 
| 120|0x00000000a9a00000, 0x00000000a9b00000, 0x00000000a9b00000|100%| O|  |TAMS 0x00000000a9b00000| PB 0x00000000a9b00000| Untracked 
| 121|0x00000000a9b00000, 0x00000000a9c00000, 0x00000000a9c00000|100%| O|  |TAMS 0x00000000a9c00000| PB 0x00000000a9c00000| Untracked 
| 122|0x00000000a9c00000, 0x00000000a9d00000, 0x00000000a9d00000|100%| O|  |TAMS 0x00000000a9d00000| PB 0x00000000a9d00000| Updating 
| 123|0x00000000a9d00000, 0x00000000a9e00000, 0x00000000a9e00000|100%| O|  |TAMS 0x00000000a9e00000| PB 0x00000000a9e00000| Updating 
| 124|0x00000000a9e00000, 0x00000000a9f00000, 0x00000000a9f00000|100%| O|  |TAMS 0x00000000a9f00000| PB 0x00000000a9f00000| Updating 
| 125|0x00000000a9f00000, 0x00000000aa000000, 0x00000000aa000000|100%| O|  |TAMS 0x00000000a9f67868| PB 0x00000000a9f67868| Updating 
| 126|0x00000000aa000000, 0x00000000aa100000, 0x00000000aa100000|100%| O|  |TAMS 0x00000000aa000000| PB 0x00000000aa000000| Untracked 
| 127|0x00000000aa100000, 0x00000000aa200000, 0x00000000aa200000|100%| O|  |TAMS 0x00000000aa100000| PB 0x00000000aa100000| Untracked 
| 128|0x00000000aa200000, 0x00000000aa300000, 0x00000000aa300000|100%| O|  |TAMS 0x00000000aa200000| PB 0x00000000aa200000| Untracked 
| 129|0x00000000aa300000, 0x00000000aa400000, 0x00000000aa400000|100%|HS|  |TAMS 0x00000000aa300000| PB 0x00000000aa300000| Complete 
| 130|0x00000000aa400000, 0x00000000aa500000, 0x00000000aa500000|100%|HC|  |TAMS 0x00000000aa400000| PB 0x00000000aa400000| Complete 
| 131|0x00000000aa500000, 0x00000000aa600000, 0x00000000aa600000|100%|HC|  |TAMS 0x00000000aa500000| PB 0x00000000aa500000| Complete 
| 132|0x00000000aa600000, 0x00000000aa700000, 0x00000000aa700000|100%| O|  |TAMS 0x00000000aa600000| PB 0x00000000aa600000| Untracked 
| 133|0x00000000aa700000, 0x00000000aa800000, 0x00000000aa800000|100%| O|  |TAMS 0x00000000aa700000| PB 0x00000000aa700000| Untracked 
| 134|0x00000000aa800000, 0x00000000aa900000, 0x00000000aa900000|100%| O|  |TAMS 0x00000000aa800000| PB 0x00000000aa800000| Untracked 
| 135|0x00000000aa900000, 0x00000000aaa00000, 0x00000000aaa00000|100%| O|  |TAMS 0x00000000aa900000| PB 0x00000000aa900000| Untracked 
| 136|0x00000000aaa00000, 0x00000000aab00000, 0x00000000aab00000|100%| O|  |TAMS 0x00000000aaa00000| PB 0x00000000aaa00000| Untracked 
| 137|0x00000000aab00000, 0x00000000aac00000, 0x00000000aac00000|100%| O|  |TAMS 0x00000000aab00000| PB 0x00000000aab00000| Untracked 
| 138|0x00000000aac00000, 0x00000000aad00000, 0x00000000aad00000|100%| O|  |TAMS 0x00000000aac00000| PB 0x00000000aac00000| Untracked 
| 139|0x00000000aad00000, 0x00000000aae00000, 0x00000000aae00000|100%| O|  |TAMS 0x00000000aad00000| PB 0x00000000aad00000| Untracked 
| 140|0x00000000aae00000, 0x00000000aae00000, 0x00000000aaf00000|  0%| F|  |TAMS 0x00000000aae00000| PB 0x00000000aae00000| Untracked 
| 141|0x00000000aaf00000, 0x00000000aaf00000, 0x00000000ab000000|  0%| F|  |TAMS 0x00000000aaf00000| PB 0x00000000aaf00000| Untracked 
| 142|0x00000000ab000000, 0x00000000ab000000, 0x00000000ab100000|  0%| F|  |TAMS 0x00000000ab000000| PB 0x00000000ab000000| Untracked 
| 143|0x00000000ab100000, 0x00000000ab100000, 0x00000000ab200000|  0%| F|  |TAMS 0x00000000ab100000| PB 0x00000000ab100000| Untracked 
| 144|0x00000000ab200000, 0x00000000ab200000, 0x00000000ab300000|  0%| F|  |TAMS 0x00000000ab200000| PB 0x00000000ab200000| Untracked 
| 145|0x00000000ab300000, 0x00000000ab300000, 0x00000000ab400000|  0%| F|  |TAMS 0x00000000ab300000| PB 0x00000000ab300000| Untracked 
| 146|0x00000000ab400000, 0x00000000ab400000, 0x00000000ab500000|  0%| F|  |TAMS 0x00000000ab400000| PB 0x00000000ab400000| Untracked 
| 147|0x00000000ab500000, 0x00000000ab500000, 0x00000000ab600000|  0%| F|  |TAMS 0x00000000ab500000| PB 0x00000000ab500000| Untracked 
| 148|0x00000000ab600000, 0x00000000ab600000, 0x00000000ab700000|  0%| F|  |TAMS 0x00000000ab600000| PB 0x00000000ab600000| Untracked 
| 149|0x00000000ab700000, 0x00000000ab700000, 0x00000000ab800000|  0%| F|  |TAMS 0x00000000ab700000| PB 0x00000000ab700000| Untracked 
| 150|0x00000000ab800000, 0x00000000ab800000, 0x00000000ab900000|  0%| F|  |TAMS 0x00000000ab800000| PB 0x00000000ab800000| Untracked 
| 151|0x00000000ab900000, 0x00000000ab900000, 0x00000000aba00000|  0%| F|  |TAMS 0x00000000ab900000| PB 0x00000000ab900000| Untracked 
| 152|0x00000000aba00000, 0x00000000aba00000, 0x00000000abb00000|  0%| F|  |TAMS 0x00000000aba00000| PB 0x00000000aba00000| Untracked 
| 153|0x00000000abb00000, 0x00000000abb00000, 0x00000000abc00000|  0%| F|  |TAMS 0x00000000abb00000| PB 0x00000000abb00000| Untracked 
| 154|0x00000000abc00000, 0x00000000abc00000, 0x00000000abd00000|  0%| F|  |TAMS 0x00000000abc00000| PB 0x00000000abc00000| Untracked 
| 155|0x00000000abd00000, 0x00000000abd00000, 0x00000000abe00000|  0%| F|  |TAMS 0x00000000abd00000| PB 0x00000000abd00000| Untracked 
| 156|0x00000000abe00000, 0x00000000abe00000, 0x00000000abf00000|  0%| F|  |TAMS 0x00000000abe00000| PB 0x00000000abe00000| Untracked 
| 157|0x00000000abf00000, 0x00000000abf00000, 0x00000000ac000000|  0%| F|  |TAMS 0x00000000abf00000| PB 0x00000000abf00000| Untracked 
| 158|0x00000000ac000000, 0x00000000ac000000, 0x00000000ac100000|  0%| F|  |TAMS 0x00000000ac000000| PB 0x00000000ac000000| Untracked 
| 159|0x00000000ac100000, 0x00000000ac100000, 0x00000000ac200000|  0%| F|  |TAMS 0x00000000ac100000| PB 0x00000000ac100000| Untracked 
| 160|0x00000000ac200000, 0x00000000ac200000, 0x00000000ac300000|  0%| F|  |TAMS 0x00000000ac200000| PB 0x00000000ac200000| Untracked 
| 161|0x00000000ac300000, 0x00000000ac300000, 0x00000000ac400000|  0%| F|  |TAMS 0x00000000ac300000| PB 0x00000000ac300000| Untracked 
| 162|0x00000000ac400000, 0x00000000ac400000, 0x00000000ac500000|  0%| F|  |TAMS 0x00000000ac400000| PB 0x00000000ac400000| Untracked 
| 163|0x00000000ac500000, 0x00000000ac500000, 0x00000000ac600000|  0%| F|  |TAMS 0x00000000ac500000| PB 0x00000000ac500000| Untracked 
| 164|0x00000000ac600000, 0x00000000ac600000, 0x00000000ac700000|  0%| F|  |TAMS 0x00000000ac600000| PB 0x00000000ac600000| Untracked 
| 165|0x00000000ac700000, 0x00000000ac700000, 0x00000000ac800000|  0%| F|  |TAMS 0x00000000ac700000| PB 0x00000000ac700000| Untracked 
| 166|0x00000000ac800000, 0x00000000ac800000, 0x00000000ac900000|  0%| F|  |TAMS 0x00000000ac800000| PB 0x00000000ac800000| Untracked 
| 167|0x00000000ac900000, 0x00000000ac900000, 0x00000000aca00000|  0%| F|  |TAMS 0x00000000ac900000| PB 0x00000000ac900000| Untracked 
| 168|0x00000000aca00000, 0x00000000aca00000, 0x00000000acb00000|  0%| F|  |TAMS 0x00000000aca00000| PB 0x00000000aca00000| Untracked 
| 169|0x00000000acb00000, 0x00000000acb00000, 0x00000000acc00000|  0%| F|  |TAMS 0x00000000acb00000| PB 0x00000000acb00000| Untracked 
| 170|0x00000000acc00000, 0x00000000acc00000, 0x00000000acd00000|  0%| F|  |TAMS 0x00000000acc00000| PB 0x00000000acc00000| Untracked 
| 171|0x00000000acd00000, 0x00000000acd00000, 0x00000000ace00000|  0%| F|  |TAMS 0x00000000acd00000| PB 0x00000000acd00000| Untracked 
| 172|0x00000000ace00000, 0x00000000ace00000, 0x00000000acf00000|  0%| F|  |TAMS 0x00000000ace00000| PB 0x00000000ace00000| Untracked 
| 173|0x00000000acf00000, 0x00000000acf00000, 0x00000000ad000000|  0%| F|  |TAMS 0x00000000acf00000| PB 0x00000000acf00000| Untracked 
| 174|0x00000000ad000000, 0x00000000ad000000, 0x00000000ad100000|  0%| F|  |TAMS 0x00000000ad000000| PB 0x00000000ad000000| Untracked 
| 175|0x00000000ad100000, 0x00000000ad100000, 0x00000000ad200000|  0%| F|  |TAMS 0x00000000ad100000| PB 0x00000000ad100000| Untracked 
| 176|0x00000000ad200000, 0x00000000ad200000, 0x00000000ad300000|  0%| F|  |TAMS 0x00000000ad200000| PB 0x00000000ad200000| Untracked 
| 177|0x00000000ad300000, 0x00000000ad300000, 0x00000000ad400000|  0%| F|  |TAMS 0x00000000ad300000| PB 0x00000000ad300000| Untracked 
| 178|0x00000000ad400000, 0x00000000ad400000, 0x00000000ad500000|  0%| F|  |TAMS 0x00000000ad400000| PB 0x00000000ad400000| Untracked 
| 179|0x00000000ad500000, 0x00000000ad500000, 0x00000000ad600000|  0%| F|  |TAMS 0x00000000ad500000| PB 0x00000000ad500000| Untracked 
| 180|0x00000000ad600000, 0x00000000ad600000, 0x00000000ad700000|  0%| F|  |TAMS 0x00000000ad600000| PB 0x00000000ad600000| Untracked 
| 181|0x00000000ad700000, 0x00000000ad700000, 0x00000000ad800000|  0%| F|  |TAMS 0x00000000ad700000| PB 0x00000000ad700000| Untracked 
| 182|0x00000000ad800000, 0x00000000ad800000, 0x00000000ad900000|  0%| F|  |TAMS 0x00000000ad800000| PB 0x00000000ad800000| Untracked 
| 183|0x00000000ad900000, 0x00000000ad900000, 0x00000000ada00000|  0%| F|  |TAMS 0x00000000ad900000| PB 0x00000000ad900000| Untracked 
| 184|0x00000000ada00000, 0x00000000ada00000, 0x00000000adb00000|  0%| F|  |TAMS 0x00000000ada00000| PB 0x00000000ada00000| Untracked 
| 185|0x00000000adb00000, 0x00000000adb00000, 0x00000000adc00000|  0%| F|  |TAMS 0x00000000adb00000| PB 0x00000000adb00000| Untracked 
| 186|0x00000000adc00000, 0x00000000adc00000, 0x00000000add00000|  0%| F|  |TAMS 0x00000000adc00000| PB 0x00000000adc00000| Untracked 
| 187|0x00000000add00000, 0x00000000add00000, 0x00000000ade00000|  0%| F|  |TAMS 0x00000000add00000| PB 0x00000000add00000| Untracked 
| 188|0x00000000ade00000, 0x00000000ade00000, 0x00000000adf00000|  0%| F|  |TAMS 0x00000000ade00000| PB 0x00000000ade00000| Untracked 
| 189|0x00000000adf00000, 0x00000000adf00000, 0x00000000ae000000|  0%| F|  |TAMS 0x00000000adf00000| PB 0x00000000adf00000| Untracked 
| 190|0x00000000ae000000, 0x00000000ae000000, 0x00000000ae100000|  0%| F|  |TAMS 0x00000000ae000000| PB 0x00000000ae000000| Untracked 
| 191|0x00000000ae100000, 0x00000000ae100000, 0x00000000ae200000|  0%| F|  |TAMS 0x00000000ae100000| PB 0x00000000ae100000| Untracked 
| 192|0x00000000ae200000, 0x00000000ae200000, 0x00000000ae300000|  0%| F|  |TAMS 0x00000000ae200000| PB 0x00000000ae200000| Untracked 
| 193|0x00000000ae300000, 0x00000000ae300000, 0x00000000ae400000|  0%| F|  |TAMS 0x00000000ae300000| PB 0x00000000ae300000| Untracked 
| 194|0x00000000ae400000, 0x00000000ae400000, 0x00000000ae500000|  0%| F|  |TAMS 0x00000000ae400000| PB 0x00000000ae400000| Untracked 
| 195|0x00000000ae500000, 0x00000000ae500000, 0x00000000ae600000|  0%| F|  |TAMS 0x00000000ae500000| PB 0x00000000ae500000| Untracked 
| 196|0x00000000ae600000, 0x00000000ae600000, 0x00000000ae700000|  0%| F|  |TAMS 0x00000000ae600000| PB 0x00000000ae600000| Untracked 
| 197|0x00000000ae700000, 0x00000000ae700000, 0x00000000ae800000|  0%| F|  |TAMS 0x00000000ae700000| PB 0x00000000ae700000| Untracked 
| 198|0x00000000ae800000, 0x00000000ae800000, 0x00000000ae900000|  0%| F|  |TAMS 0x00000000ae800000| PB 0x00000000ae800000| Untracked 
| 199|0x00000000ae900000, 0x00000000ae900000, 0x00000000aea00000|  0%| F|  |TAMS 0x00000000ae900000| PB 0x00000000ae900000| Untracked 
| 200|0x00000000aea00000, 0x00000000aea00000, 0x00000000aeb00000|  0%| F|  |TAMS 0x00000000aea00000| PB 0x00000000aea00000| Untracked 
| 201|0x00000000aeb00000, 0x00000000aeb00000, 0x00000000aec00000|  0%| F|  |TAMS 0x00000000aeb00000| PB 0x00000000aeb00000| Untracked 
| 202|0x00000000aec00000, 0x00000000aec00000, 0x00000000aed00000|  0%| F|  |TAMS 0x00000000aec00000| PB 0x00000000aec00000| Untracked 
| 203|0x00000000aed00000, 0x00000000aed00000, 0x00000000aee00000|  0%| F|  |TAMS 0x00000000aed00000| PB 0x00000000aed00000| Untracked 
| 204|0x00000000aee00000, 0x00000000aee00000, 0x00000000aef00000|  0%| F|  |TAMS 0x00000000aee00000| PB 0x00000000aee00000| Untracked 
| 205|0x00000000aef00000, 0x00000000aef00000, 0x00000000af000000|  0%| F|  |TAMS 0x00000000aef00000| PB 0x00000000aef00000| Untracked 
| 206|0x00000000af000000, 0x00000000af000000, 0x00000000af100000|  0%| F|  |TAMS 0x00000000af000000| PB 0x00000000af000000| Untracked 
| 207|0x00000000af100000, 0x00000000af100000, 0x00000000af200000|  0%| F|  |TAMS 0x00000000af100000| PB 0x00000000af100000| Untracked 
| 208|0x00000000af200000, 0x00000000af200000, 0x00000000af300000|  0%| F|  |TAMS 0x00000000af200000| PB 0x00000000af200000| Untracked 
| 209|0x00000000af300000, 0x00000000af300000, 0x00000000af400000|  0%| F|  |TAMS 0x00000000af300000| PB 0x00000000af300000| Untracked 
| 210|0x00000000af400000, 0x00000000af400000, 0x00000000af500000|  0%| F|  |TAMS 0x00000000af400000| PB 0x00000000af400000| Untracked 
| 211|0x00000000af500000, 0x00000000af500000, 0x00000000af600000|  0%| F|  |TAMS 0x00000000af500000| PB 0x00000000af500000| Untracked 
| 212|0x00000000af600000, 0x00000000af600000, 0x00000000af700000|  0%| F|  |TAMS 0x00000000af600000| PB 0x00000000af600000| Untracked 
| 213|0x00000000af700000, 0x00000000af700000, 0x00000000af800000|  0%| F|  |TAMS 0x00000000af700000| PB 0x00000000af700000| Untracked 
| 214|0x00000000af800000, 0x00000000af800000, 0x00000000af900000|  0%| F|  |TAMS 0x00000000af800000| PB 0x00000000af800000| Untracked 
| 215|0x00000000af900000, 0x00000000af900000, 0x00000000afa00000|  0%| F|  |TAMS 0x00000000af900000| PB 0x00000000af900000| Untracked 
| 216|0x00000000afa00000, 0x00000000afa00000, 0x00000000afb00000|  0%| F|  |TAMS 0x00000000afa00000| PB 0x00000000afa00000| Untracked 
| 217|0x00000000afb00000, 0x00000000afb00000, 0x00000000afc00000|  0%| F|  |TAMS 0x00000000afb00000| PB 0x00000000afb00000| Untracked 
| 218|0x00000000afc00000, 0x00000000afc00000, 0x00000000afd00000|  0%| F|  |TAMS 0x00000000afc00000| PB 0x00000000afc00000| Untracked 
| 219|0x00000000afd00000, 0x00000000afd00000, 0x00000000afe00000|  0%| F|  |TAMS 0x00000000afd00000| PB 0x00000000afd00000| Untracked 
| 220|0x00000000afe00000, 0x00000000afe00000, 0x00000000aff00000|  0%| F|  |TAMS 0x00000000afe00000| PB 0x00000000afe00000| Untracked 
| 221|0x00000000aff00000, 0x00000000aff00000, 0x00000000b0000000|  0%| F|  |TAMS 0x00000000aff00000| PB 0x00000000aff00000| Untracked 
| 222|0x00000000b0000000, 0x00000000b0000000, 0x00000000b0100000|  0%| F|  |TAMS 0x00000000b0000000| PB 0x00000000b0000000| Untracked 
| 223|0x00000000b0100000, 0x00000000b0100000, 0x00000000b0200000|  0%| F|  |TAMS 0x00000000b0100000| PB 0x00000000b0100000| Untracked 
| 224|0x00000000b0200000, 0x00000000b0200000, 0x00000000b0300000|  0%| F|  |TAMS 0x00000000b0200000| PB 0x00000000b0200000| Untracked 
| 225|0x00000000b0300000, 0x00000000b0300000, 0x00000000b0400000|  0%| F|  |TAMS 0x00000000b0300000| PB 0x00000000b0300000| Untracked 
| 226|0x00000000b0400000, 0x00000000b0400000, 0x00000000b0500000|  0%| F|  |TAMS 0x00000000b0400000| PB 0x00000000b0400000| Untracked 
| 227|0x00000000b0500000, 0x00000000b0500000, 0x00000000b0600000|  0%| F|  |TAMS 0x00000000b0500000| PB 0x00000000b0500000| Untracked 
| 228|0x00000000b0600000, 0x00000000b0600000, 0x00000000b0700000|  0%| F|  |TAMS 0x00000000b0600000| PB 0x00000000b0600000| Untracked 
| 229|0x00000000b0700000, 0x00000000b0700000, 0x00000000b0800000|  0%| F|  |TAMS 0x00000000b0700000| PB 0x00000000b0700000| Untracked 
| 230|0x00000000b0800000, 0x00000000b0800000, 0x00000000b0900000|  0%| F|  |TAMS 0x00000000b0800000| PB 0x00000000b0800000| Untracked 
| 231|0x00000000b0900000, 0x00000000b0900000, 0x00000000b0a00000|  0%| F|  |TAMS 0x00000000b0900000| PB 0x00000000b0900000| Untracked 
| 232|0x00000000b0a00000, 0x00000000b0a00000, 0x00000000b0b00000|  0%| F|  |TAMS 0x00000000b0a00000| PB 0x00000000b0a00000| Untracked 
| 233|0x00000000b0b00000, 0x00000000b0b00000, 0x00000000b0c00000|  0%| F|  |TAMS 0x00000000b0b00000| PB 0x00000000b0b00000| Untracked 
| 234|0x00000000b0c00000, 0x00000000b0c00000, 0x00000000b0d00000|  0%| F|  |TAMS 0x00000000b0c00000| PB 0x00000000b0c00000| Untracked 
| 235|0x00000000b0d00000, 0x00000000b0d00000, 0x00000000b0e00000|  0%| F|  |TAMS 0x00000000b0d00000| PB 0x00000000b0d00000| Untracked 
| 236|0x00000000b0e00000, 0x00000000b0e00000, 0x00000000b0f00000|  0%| F|  |TAMS 0x00000000b0e00000| PB 0x00000000b0e00000| Untracked 
| 237|0x00000000b0f00000, 0x00000000b0f00000, 0x00000000b1000000|  0%| F|  |TAMS 0x00000000b0f00000| PB 0x00000000b0f00000| Untracked 
| 238|0x00000000b1000000, 0x00000000b1000000, 0x00000000b1100000|  0%| F|  |TAMS 0x00000000b1000000| PB 0x00000000b1000000| Untracked 
| 239|0x00000000b1100000, 0x00000000b1100000, 0x00000000b1200000|  0%| F|  |TAMS 0x00000000b1100000| PB 0x00000000b1100000| Untracked 
| 240|0x00000000b1200000, 0x00000000b1200000, 0x00000000b1300000|  0%| F|  |TAMS 0x00000000b1200000| PB 0x00000000b1200000| Untracked 
| 241|0x00000000b1300000, 0x00000000b1300000, 0x00000000b1400000|  0%| F|  |TAMS 0x00000000b1300000| PB 0x00000000b1300000| Untracked 
| 242|0x00000000b1400000, 0x00000000b1400000, 0x00000000b1500000|  0%| F|  |TAMS 0x00000000b1400000| PB 0x00000000b1400000| Untracked 
| 243|0x00000000b1500000, 0x00000000b1500000, 0x00000000b1600000|  0%| F|  |TAMS 0x00000000b1500000| PB 0x00000000b1500000| Untracked 
| 244|0x00000000b1600000, 0x00000000b1600000, 0x00000000b1700000|  0%| F|  |TAMS 0x00000000b1600000| PB 0x00000000b1600000| Untracked 
| 245|0x00000000b1700000, 0x00000000b1700000, 0x00000000b1800000|  0%| F|  |TAMS 0x00000000b1700000| PB 0x00000000b1700000| Untracked 
| 246|0x00000000b1800000, 0x00000000b1800000, 0x00000000b1900000|  0%| F|  |TAMS 0x00000000b1800000| PB 0x00000000b1800000| Untracked 
| 247|0x00000000b1900000, 0x00000000b1900000, 0x00000000b1a00000|  0%| F|  |TAMS 0x00000000b1900000| PB 0x00000000b1900000| Untracked 
| 248|0x00000000b1a00000, 0x00000000b1b00000, 0x00000000b1b00000|100%| S|CS|TAMS 0x00000000b1a00000| PB 0x00000000b1a00000| Complete 
| 249|0x00000000b1b00000, 0x00000000b1c00000, 0x00000000b1c00000|100%| S|CS|TAMS 0x00000000b1b00000| PB 0x00000000b1b00000| Complete 
| 250|0x00000000b1c00000, 0x00000000b1d00000, 0x00000000b1d00000|100%| S|CS|TAMS 0x00000000b1c00000| PB 0x00000000b1c00000| Complete 
| 251|0x00000000b1d00000, 0x00000000b1e00000, 0x00000000b1e00000|100%| S|CS|TAMS 0x00000000b1d00000| PB 0x00000000b1d00000| Complete 
| 252|0x00000000b1e00000, 0x00000000b1e00000, 0x00000000b1f00000|  0%| F|  |TAMS 0x00000000b1e00000| PB 0x00000000b1e00000| Untracked 
| 253|0x00000000b1f00000, 0x00000000b1f00000, 0x00000000b2000000|  0%| F|  |TAMS 0x00000000b1f00000| PB 0x00000000b1f00000| Untracked 
| 254|0x00000000b2000000, 0x00000000b2000000, 0x00000000b2100000|  0%| F|  |TAMS 0x00000000b2000000| PB 0x00000000b2000000| Untracked 
| 255|0x00000000b2100000, 0x00000000b2100000, 0x00000000b2200000|  0%| F|  |TAMS 0x00000000b2100000| PB 0x00000000b2100000| Untracked 
|1499|0x00000000ffd00000, 0x00000000ffd00000, 0x00000000ffe00000|  0%| F|  |TAMS 0x00000000ffd00000| PB 0x00000000ffd00000| Untracked 
|1500|0x00000000ffe00000, 0x00000000ffe00000, 0x00000000fff00000|  0%| F|  |TAMS 0x00000000ffe00000| PB 0x00000000ffe00000| Untracked 
|1501|0x00000000fff00000, 0x0000000100000000, 0x0000000100000000|100%| O|  |TAMS 0x0000000100000000| PB 0x00000000fff00000| Updating 

Card table byte_map: [0x000002996fc30000,0x000002996ff20000] _byte_map_base: 0x000002996f71f000

Marking Bits: (CMBitMap*) 0x00000299581fa6c0
 Bits: [0x000002996ff20000, 0x0000029971698000)

Polling page: 0x0000029957960000

Metaspace:

Usage:
  Non-class:     59.20 MB used.
      Class:      9.83 MB used.
       Both:     69.04 MB used.

Virtual space:
  Non-class space:       64.00 MB reserved,      59.56 MB ( 93%) committed,  1 nodes.
      Class space:        1.00 GB reserved,      10.19 MB ( <1%) committed,  1 nodes.
             Both:        1.06 GB reserved,      69.75 MB (  6%) committed. 

Chunk freelists:
   Non-Class:  4.34 MB
       Class:  5.74 MB
        Both:  10.08 MB

MaxMetaspaceSize: unlimited
CompressedClassSpaceSize: 1.00 GB
Initial GC threshold: 21.00 MB
Current GC threshold: 116.25 MB
CDS: on
 - commit_granule_bytes: 65536.
 - commit_granule_words: 8192.
 - virtual_space_node_default_size: 8388608.
 - enlarge_chunks_in_place: 1.
 - use_allocation_guard: 0.


Internal statistics:

num_allocs_failed_limit: 6.
num_arena_births: 910.
num_arena_deaths: 4.
num_vsnodes_births: 2.
num_vsnodes_deaths: 0.
num_space_committed: 1116.
num_space_uncommitted: 0.
num_chunks_returned_to_freelist: 12.
num_chunks_taken_from_freelist: 3518.
num_chunk_merges: 6.
num_chunk_splits: 2526.
num_chunks_enlarged: 1972.
num_inconsistent_stats: 0.

CodeHeap 'non-profiled nmethods': size=120000Kb used=3655Kb max_used=3870Kb free=116344Kb
 bounds [0x00000299680e0000, 0x00000299684b0000, 0x000002996f610000]
CodeHeap 'profiled nmethods': size=120000Kb used=10645Kb max_used=11377Kb free=109354Kb
 bounds [0x0000029960610000, 0x0000029961140000, 0x0000029967b40000]
CodeHeap 'non-nmethods': size=5760Kb used=1679Kb max_used=1725Kb free=4081Kb
 bounds [0x0000029967b40000, 0x0000029967db0000, 0x00000299680e0000]
 total_blobs=6484 nmethods=5771 adapters=616
 compilation: enabled
              stopped_count=0, restarted_count=0
 full_count=0

Compilation events (20 events):
Event: 20.856 Thread 0x00000299740d30b0 6915       3       org.antlr.v4.runtime.atn.PredictionMode::getConflictingAltSubsets (81 bytes)
Event: 20.857 Thread 0x00000299740d30b0 nmethod 6915 0x0000029960634910 code [0x0000029960634ba0, 0x0000029960635b98]
Event: 20.860 Thread 0x00000299740d30b0 6917       2       org.antlr.v4.runtime.atn.PredictionContext::hasEmptyPath (21 bytes)
Event: 20.860 Thread 0x00000299740d30b0 nmethod 6917 0x00000299606f4d10 code [0x00000299606f4ec0, 0x00000299606f5050]
Event: 20.913 Thread 0x00000299740d30b0 6918       2       org.antlr.v4.runtime.misc.FlexibleHashMap::createEntryListArray (7 bytes)
Event: 20.913 Thread 0x00000299740d30b0 nmethod 6918 0x0000029960fe1b10 code [0x0000029960fe1ca0, 0x0000029960fe1e20]
Event: 20.928 Thread 0x00000299740cdce0 nmethod 6776 0x0000029968299410 code [0x0000029968299760, 0x000002996829c488]
Event: 20.928 Thread 0x00000299740cdce0 6913 %     4       org.antlr.v4.runtime.misc.FlexibleHashMap::expand @ 90 (151 bytes)
Event: 20.945 Thread 0x00000299740cdce0 nmethod 6913% 0x00000299683d8110 code [0x00000299683d8300, 0x00000299683d8c48]
Event: 20.945 Thread 0x00000299740cdce0 6770       4       java.util.LinkedList$ListItr::<init> (47 bytes)
Event: 20.947 Thread 0x00000299740d30b0 6919       3       org.antlr.v4.runtime.atn.PredictionMode::hasConflictingAltSet (41 bytes)
Event: 20.947 Thread 0x00000299740d30b0 nmethod 6919 0x0000029960e6f010 code [0x0000029960e6f200, 0x0000029960e6f788]
Event: 20.948 Thread 0x00000299740d30b0 6920       3       org.antlr.v4.runtime.atn.ATNConfigSet::optimizeConfigs (71 bytes)
Event: 20.948 Thread 0x00000299740d30b0 nmethod 6920 0x0000029960848010 code [0x0000029960848240, 0x0000029960848ca8]
Event: 20.949 Thread 0x00000299740cdce0 nmethod 6770 0x00000299683f2810 code [0x00000299683f29a0, 0x00000299683f2d58]
Event: 20.949 Thread 0x00000299740cdce0 6921       4       org.antlr.v4.runtime.misc.FlexibleHashMap::expand (151 bytes)
Event: 20.963 Thread 0x00000299740cdce0 nmethod 6921 0x00000299683d7310 code [0x00000299683d7500, 0x00000299683d7ba8]
Event: 20.963 Thread 0x00000299740cdce0 6923       4       org.antlr.v4.runtime.atn.PredictionContext::getCachedContext (261 bytes)
Event: 21.163 Thread 0x00000299740cdce0 nmethod 6923 0x00000299683b0990 code [0x00000299683b0f00, 0x00000299683b53d0]
Event: 21.164 Thread 0x00000299740cdce0 6922 %     4       org.antlr.v4.runtime.misc.FlexibleHashMap::values @ 50 (95 bytes)

GC Heap History (20 events):
Event: 19.450 GC heap after
{Heap after GC invocations=21 (full 0):
 garbage-first heap   total 66560K, used 47881K [0x00000000a2200000, 0x0000000100000000)
  region size 1024K, 2 young (2048K), 2 survivors (2048K)
 Metaspace       used 68989K, committed 69696K, reserved 1114112K
  class space    used 9691K, committed 10048K, reserved 1048576K
}
Event: 19.529 GC heap before
{Heap before GC invocations=22 (full 0):
 garbage-first heap   total 91136K, used 57097K [0x00000000a2200000, 0x0000000100000000)
  region size 1024K, 11 young (11264K), 2 survivors (2048K)
 Metaspace       used 68987K, committed 69696K, reserved 1114112K
  class space    used 9691K, committed 10048K, reserved 1048576K
}
Event: 19.532 GC heap after
{Heap after GC invocations=23 (full 0):
 garbage-first heap   total 91136K, used 50248K [0x00000000a2200000, 0x0000000100000000)
  region size 1024K, 2 young (2048K), 2 survivors (2048K)
 Metaspace       used 68987K, committed 69696K, reserved 1114112K
  class space    used 9691K, committed 10048K, reserved 1048576K
}
Event: 19.668 GC heap before
{Heap before GC invocations=23 (full 0):
 garbage-first heap   total 91136K, used 73800K [0x00000000a2200000, 0x0000000100000000)
  region size 1024K, 24 young (24576K), 2 survivors (2048K)
 Metaspace       used 68987K, committed 69696K, reserved 1114112K
  class space    used 9691K, committed 10048K, reserved 1048576K
}
Event: 19.676 GC heap after
{Heap after GC invocations=24 (full 0):
 garbage-first heap   total 91136K, used 59125K [0x00000000a2200000, 0x0000000100000000)
  region size 1024K, 3 young (3072K), 3 survivors (3072K)
 Metaspace       used 68987K, committed 69696K, reserved 1114112K
  class space    used 9691K, committed 10048K, reserved 1048576K
}
Event: 19.776 GC heap before
{Heap before GC invocations=24 (full 0):
 garbage-first heap   total 91136K, used 75509K [0x00000000a2200000, 0x0000000100000000)
  region size 1024K, 19 young (19456K), 3 survivors (3072K)
 Metaspace       used 68987K, committed 69696K, reserved 1114112K
  class space    used 9691K, committed 10048K, reserved 1048576K
}
Event: 19.782 GC heap after
{Heap after GC invocations=25 (full 0):
 garbage-first heap   total 182272K, used 65536K [0x00000000a2200000, 0x0000000100000000)
  region size 1024K, 3 young (3072K), 3 survivors (3072K)
 Metaspace       used 68987K, committed 69696K, reserved 1114112K
  class space    used 9691K, committed 10048K, reserved 1048576K
}
Event: 20.302 GC heap before
{Heap before GC invocations=26 (full 0):
 garbage-first heap   total 182272K, used 129024K [0x00000000a2200000, 0x0000000100000000)
  region size 1024K, 66 young (67584K), 3 survivors (3072K)
 Metaspace       used 70673K, committed 71424K, reserved 1114112K
  class space    used 10069K, committed 10432K, reserved 1048576K
}
Event: 20.309 GC heap after
{Heap after GC invocations=27 (full 0):
 garbage-first heap   total 182272K, used 70656K [0x00000000a2200000, 0x0000000100000000)
  region size 1024K, 8 young (8192K), 8 survivors (8192K)
 Metaspace       used 70673K, committed 71424K, reserved 1114112K
  class space    used 10069K, committed 10432K, reserved 1048576K
}
Event: 20.555 GC heap before
{Heap before GC invocations=27 (full 0):
 garbage-first heap   total 182272K, used 137216K [0x00000000a2200000, 0x0000000100000000)
  region size 1024K, 73 young (74752K), 8 survivors (8192K)
 Metaspace       used 70687K, committed 71424K, reserved 1114112K
  class space    used 10069K, committed 10432K, reserved 1048576K
}
Event: 20.565 GC heap after
{Heap after GC invocations=28 (full 0):
 garbage-first heap   total 182272K, used 76385K [0x00000000a2200000, 0x0000000100000000)
  region size 1024K, 10 young (10240K), 10 survivors (10240K)
 Metaspace       used 70687K, committed 71424K, reserved 1114112K
  class space    used 10069K, committed 10432K, reserved 1048576K
}
Event: 20.629 GC heap before
{Heap before GC invocations=28 (full 0):
 garbage-first heap   total 182272K, used 103009K [0x00000000a2200000, 0x0000000100000000)
  region size 1024K, 37 young (37888K), 10 survivors (10240K)
 Metaspace       used 70687K, committed 71424K, reserved 1114112K
  class space    used 10069K, committed 10432K, reserved 1048576K
}
Event: 20.640 GC heap after
{Heap after GC invocations=29 (full 0):
 garbage-first heap   total 182272K, used 87729K [0x00000000a2200000, 0x0000000100000000)
  region size 1024K, 11 young (11264K), 11 survivors (11264K)
 Metaspace       used 70687K, committed 71424K, reserved 1114112K
  class space    used 10069K, committed 10432K, reserved 1048576K
}
Event: 20.862 GC heap before
{Heap before GC invocations=30 (full 0):
 garbage-first heap   total 182272K, used 146097K [0x00000000a2200000, 0x0000000100000000)
  region size 1024K, 66 young (67584K), 11 survivors (11264K)
 Metaspace       used 70694K, committed 71424K, reserved 1114112K
  class space    used 10069K, committed 10432K, reserved 1048576K
}
Event: 20.882 GC heap after
{Heap after GC invocations=31 (full 0):
 garbage-first heap   total 182272K, used 108544K [0x00000000a2200000, 0x0000000100000000)
  region size 1024K, 9 young (9216K), 9 survivors (9216K)
 Metaspace       used 70694K, committed 71424K, reserved 1114112K
  class space    used 10069K, committed 10432K, reserved 1048576K
}
Event: 20.965 GC heap before
{Heap before GC invocations=31 (full 0):
 garbage-first heap   total 182272K, used 149504K [0x00000000a2200000, 0x0000000100000000)
  region size 1024K, 49 young (50176K), 9 survivors (9216K)
 Metaspace       used 70694K, committed 71424K, reserved 1114112K
  class space    used 10069K, committed 10432K, reserved 1048576K
}
Event: 20.982 GC heap after
{Heap after GC invocations=32 (full 0):
 garbage-first heap   total 182272K, used 125342K [0x00000000a2200000, 0x0000000100000000)
  region size 1024K, 7 young (7168K), 7 survivors (7168K)
 Metaspace       used 70694K, committed 71424K, reserved 1114112K
  class space    used 10069K, committed 10432K, reserved 1048576K
}
Event: 21.043 GC heap before
{Heap before GC invocations=32 (full 0):
 garbage-first heap   total 182272K, used 155038K [0x00000000a2200000, 0x0000000100000000)
  region size 1024K, 36 young (36864K), 7 survivors (7168K)
 Metaspace       used 70694K, committed 71424K, reserved 1114112K
  class space    used 10069K, committed 10432K, reserved 1048576K
}
Event: 21.056 GC heap after
{Heap after GC invocations=33 (full 0):
 garbage-first heap   total 182272K, used 138240K [0x00000000a2200000, 0x0000000100000000)
  region size 1024K, 5 young (5120K), 5 survivors (5120K)
 Metaspace       used 70694K, committed 71424K, reserved 1114112K
  class space    used 10069K, committed 10432K, reserved 1048576K
}
Event: 21.176 GC heap before
{Heap before GC invocations=33 (full 0):
 garbage-first heap   total 265216K, used 162816K [0x00000000a2200000, 0x0000000100000000)
  region size 1024K, 27 young (27648K), 5 survivors (5120K)
 Metaspace       used 70694K, committed 71424K, reserved 1114112K
  class space    used 10069K, committed 10432K, reserved 1048576K
}

Dll operation events (11 events):
Event: 0.011 Loaded shared library E:\SEMESTER 5\APAP\jdk\bin\java.dll
Event: 0.050 Loaded shared library E:\SEMESTER 5\APAP\jdk\bin\jsvml.dll
Event: 0.164 Loaded shared library E:\SEMESTER 5\APAP\jdk\bin\net.dll
Event: 0.166 Loaded shared library E:\SEMESTER 5\APAP\jdk\bin\nio.dll
Event: 0.169 Loaded shared library E:\SEMESTER 5\APAP\jdk\bin\zip.dll
Event: 0.326 Loaded shared library E:\SEMESTER 5\APAP\jdk\bin\jimage.dll
Event: 0.708 Loaded shared library E:\SEMESTER 5\APAP\jdk\bin\management.dll
Event: 0.716 Loaded shared library E:\SEMESTER 5\APAP\jdk\bin\management_ext.dll
Event: 3.761 Loaded shared library E:\SEMESTER 5\APAP\jdk\bin\sunmscapi.dll
Event: 10.477 Loaded shared library E:\SEMESTER 5\APAP\jdk\bin\verify.dll
Event: 11.393 Loaded shared library E:\SEMESTER 5\APAP\jdk\bin\extnet.dll

Deoptimization events (20 events):
Event: 20.286 Thread 0x00000299791dd1d0 Uncommon trap: trap_request=0xffffffbe fr.pc=0x00000299683625e4 relative=0x00000000000034e4
Event: 20.286 Thread 0x00000299791dd1d0 Uncommon trap: reason=profile_predicate action=maybe_recompile pc=0x00000299683625e4 method=org.antlr.v4.runtime.atn.PredictionContext.getCachedContext(Lorg/antlr/v4/runtime/atn/PredictionContext;Lorg/antlr/v4/runtime/atn/PredictionContextCache;Ljava/util
Event: 20.286 Thread 0x00000299791dd1d0 DEOPT PACKING pc=0x00000299683625e4 sp=0x000000d7ebffb950
Event: 20.286 Thread 0x00000299791dd1d0 DEOPT UNPACKING pc=0x0000029967b946a2 sp=0x000000d7ebffb8a0 mode 2
Event: 20.856 Thread 0x00000299791dd1d0 DEOPT PACKING pc=0x00000299608a1715 sp=0x000000d7ebffb750
Event: 20.856 Thread 0x00000299791dd1d0 DEOPT UNPACKING pc=0x0000029967b94e42 sp=0x000000d7ebffac48 mode 0
Event: 20.947 Thread 0x00000299791dd1d0 DEOPT PACKING pc=0x0000029960711ba4 sp=0x000000d7ebffb730
Event: 20.947 Thread 0x00000299791dd1d0 DEOPT UNPACKING pc=0x0000029967b94e42 sp=0x000000d7ebffabc8 mode 0
Event: 20.948 Thread 0x00000299791dd1d0 DEOPT PACKING pc=0x000002996074a81b sp=0x000000d7ebffb5d0
Event: 20.948 Thread 0x00000299791dd1d0 DEOPT UNPACKING pc=0x0000029967b94e42 sp=0x000000d7ebffaab8 mode 0
Event: 20.949 Thread 0x00000299791dd1d0 DEOPT PACKING pc=0x00000299607227a7 sp=0x000000d7ebffb520
Event: 20.949 Thread 0x00000299791dd1d0 DEOPT UNPACKING pc=0x0000029967b94e42 sp=0x000000d7ebffaa40 mode 0
Event: 20.956 Thread 0x00000299791dd1d0 Uncommon trap: trap_request=0xffffffbe fr.pc=0x00000299681ac33c relative=0x000000000000383c
Event: 20.956 Thread 0x00000299791dd1d0 Uncommon trap: reason=profile_predicate action=maybe_recompile pc=0x00000299681ac33c method=org.antlr.v4.runtime.atn.PredictionContext.getCachedContext(Lorg/antlr/v4/runtime/atn/PredictionContext;Lorg/antlr/v4/runtime/atn/PredictionContextCache;Ljava/util
Event: 20.956 Thread 0x00000299791dd1d0 DEOPT PACKING pc=0x00000299681ac33c sp=0x000000d7ebffb480
Event: 20.956 Thread 0x00000299791dd1d0 DEOPT UNPACKING pc=0x0000029967b946a2 sp=0x000000d7ebffb460 mode 2
Event: 20.956 Thread 0x00000299791dd1d0 Uncommon trap: trap_request=0xffffffbe fr.pc=0x00000299681ac548 relative=0x0000000000003a48
Event: 20.956 Thread 0x00000299791dd1d0 Uncommon trap: reason=profile_predicate action=maybe_recompile pc=0x00000299681ac548 method=org.antlr.v4.runtime.atn.PredictionContext.getCachedContext(Lorg/antlr/v4/runtime/atn/PredictionContext;Lorg/antlr/v4/runtime/atn/PredictionContextCache;Ljava/util
Event: 20.956 Thread 0x00000299791dd1d0 DEOPT PACKING pc=0x00000299681ac548 sp=0x000000d7ebffb480
Event: 20.956 Thread 0x00000299791dd1d0 DEOPT UNPACKING pc=0x0000029967b946a2 sp=0x000000d7ebffb3c0 mode 2

Classes loaded (20 events):
Event: 18.157 Loading class java/lang/invoke/WrongMethodTypeException
Event: 18.158 Loading class java/lang/invoke/WrongMethodTypeException done
Event: 18.170 Loading class java/lang/Character$UnicodeBlock
Event: 18.171 Loading class java/lang/Character$Subset
Event: 18.171 Loading class java/lang/Character$Subset done
Event: 18.172 Loading class java/lang/Character$UnicodeBlock done
Event: 18.256 Loading class java/util/regex/Pattern$Bound
Event: 18.257 Loading class java/util/regex/Pattern$Bound done
Event: 18.257 Loading class java/util/regex/Pattern$SliceI
Event: 18.259 Loading class java/util/regex/Pattern$SliceI done
Event: 18.260 Loading class java/util/regex/Pattern$LookBehindEndNode
Event: 18.261 Loading class java/util/regex/Pattern$LookBehindEndNode done
Event: 18.261 Loading class java/util/regex/Pattern$NotBehind
Event: 18.262 Loading class java/util/regex/Pattern$NotBehind done
Event: 18.262 Loading class java/util/regex/Pattern$Behind
Event: 18.262 Loading class java/util/regex/Pattern$Behind done
Event: 18.544 Loading class java/util/EmptyStackException
Event: 18.546 Loading class java/util/EmptyStackException done
Event: 18.796 Loading class java/io/InvalidClassException
Event: 18.797 Loading class java/io/InvalidClassException done

Classes unloaded (2 events):
Event: 15.048 Thread 0x000002997409a3e0 Unloading class 0x00000299014ac800 'jdk/internal/reflect/GeneratedSerializationConstructorAccessor1'
Event: 19.494 Thread 0x000002997409a3e0 Unloading class 0x0000029901900000 'jdk/internal/reflect/GeneratedSerializationConstructorAccessor2'

Classes redefined (0 events):
No events

Internal exceptions (20 events):
Event: 15.472 Thread 0x00000299791dd1d0 Exception <a 'java/lang/NoSuchMethodError'{0x00000000a4cf4668}: 'void java.lang.invoke.DirectMethodHandle$Holder.invokeSpecial(java.lang.Object, java.lang.Object, java.lang.Object, java.lang.Object, java.lang.Object, java.lang.Object, java.lang.Object, java.lang.Object)'> (0x00000000a4cf4668) 
thrown [s\open\src\hotspot\share\interpreter\linkResolver.cpp, line 773]
Event: 15.483 Thread 0x00000299791dd1d0 Exception <a 'java/lang/NoSuchMethodError'{0x00000000a4b2c800}: 'void java.lang.invoke.DirectMethodHandle$Holder.invokeSpecial(java.lang.Object, java.lang.Object, int, java.lang.Object)'> (0x00000000a4b2c800) 
thrown [s\open\src\hotspot\share\interpreter\linkResolver.cpp, line 773]
Event: 15.541 Thread 0x00000299791dd1d0 Exception <a 'java/lang/NoSuchMethodError'{0x00000000a4a79990}: 'int java.lang.invoke.DirectMethodHandle$Holder.invokeStatic(java.lang.Object, int, java.lang.Object)'> (0x00000000a4a79990) 
thrown [s\open\src\hotspot\share\interpreter\linkResolver.cpp, line 773]
Event: 15.546 Thread 0x00000299791dd1d0 Exception <a 'java/lang/NoSuchMethodError'{0x00000000a4a933d0}: 'java.lang.Object java.lang.invoke.DirectMethodHandle$Holder.newInvokeSpecial(java.lang.Object, java.lang.Object, java.lang.Object, java.lang.Object, java.lang.Object, int, java.lang.Object)'> (0x00000000a4a933d0) 
thrown [s\open\src\hotspot\share\interpreter\linkResolver.cpp, line 773]
Event: 15.558 Thread 0x00000299791dd1d0 Exception <a 'java/lang/NoSuchMethodError'{0x00000000a4ac70a0}: 'java.lang.Object java.lang.invoke.DirectMethodHandle$Holder.newInvokeSpecial(java.lang.Object, java.lang.Object, java.lang.Object, java.lang.Object, java.lang.Object, java.lang.Object, java.lang.Object, java.lang.Object, java.lang.Object, java.lang.Object, java.lang.Object, java.lang.Object)'> (0x00000000a4ac70a0) 
thrown [s\open\src\hotspot\share\interpreter\linkResolver.cpp, line 773]
Event: 15.559 Thread 0x00000299791dd1d0 Exception <a 'java/lang/NoSuchMethodError'{0x00000000a4acff48}: 'java.lang.Object java.lang.invoke.Invokers$Holder.linkToTargetMethod(java.lang.Object, java.lang.Object, java.lang.Object, java.lang.Object, java.lang.Object, java.lang.Object, java.lang.Object, java.lang.Object, java.lang.Object, java.lang.Object, java.lang.Object, java.lang.Object)'> (0x00000000a4acff48) 
thrown [s\open\src\hotspot\share\interpreter\linkResolver.cpp, line 773]
Event: 15.599 Thread 0x00000299791dd1d0 Exception <a 'java/lang/IncompatibleClassChangeError'{0x00000000a4954750}: Found class java.lang.Object, but interface was expected> (0x00000000a4954750) 
thrown [s\open\src\hotspot\share\interpreter\linkResolver.cpp, line 840]
Event: 15.666 Thread 0x00000299791dd1d0 Exception <a 'java/lang/IncompatibleClassChangeError'{0x00000000a4861078}: Found class java.lang.Object, but interface was expected> (0x00000000a4861078) 
thrown [s\open\src\hotspot\share\interpreter\linkResolver.cpp, line 840]
Event: 15.700 Thread 0x00000299791dd1d0 Exception <a 'java/lang/NoSuchMethodError'{0x00000000a48e69e8}: 'java.lang.Object java.lang.invoke.DirectMethodHandle$Holder.newInvokeSpecial(java.lang.Object, java.lang.Object, int, java.lang.Object, int, java.lang.Object, java.lang.Object)'> (0x00000000a48e69e8) 
thrown [s\open\src\hotspot\share\interpreter\linkResolver.cpp, line 773]
Event: 15.748 Thread 0x00000299791dd1d0 Exception <a 'java/lang/NoSuchMethodError'{0x00000000a4773bd0}: 'java.lang.Object java.lang.invoke.DirectMethodHandle$Holder.newInvokeSpecial(java.lang.Object, java.lang.Object, java.lang.Object, java.lang.Object, java.lang.Object, java.lang.Object, java.lang.Object, int)'> (0x00000000a4773bd0) 
thrown [s\open\src\hotspot\share\interpreter\linkResolver.cpp, line 773]
Event: 15.749 Thread 0x00000299791dd1d0 Exception <a 'java/lang/NoSuchMethodError'{0x00000000a47780e8}: 'java.lang.Object java.lang.invoke.DirectMethodHandle$Holder.invokeSpecial(java.lang.Object, java.lang.Object, java.lang.Object, java.lang.Object, java.lang.Object, java.lang.Object, java.lang.Object, java.lang.Object, int)'> (0x00000000a47780e8) 
thrown [s\open\src\hotspot\share\interpreter\linkResolver.cpp, line 773]
Event: 15.750 Thread 0x00000299791dd1d0 Exception <a 'java/lang/NoSuchMethodError'{0x00000000a477c0b8}: 'java.lang.Object java.lang.invoke.Invokers$Holder.linkToTargetMethod(java.lang.Object, java.lang.Object, java.lang.Object, java.lang.Object, java.lang.Object, java.lang.Object, int, java.lang.Object)'> (0x00000000a477c0b8) 
thrown [s\open\src\hotspot\share\interpreter\linkResolver.cpp, line 773]
Event: 15.834 Thread 0x00000299791dd1d0 Exception <a 'java/lang/NoSuchMethodError'{0x00000000a46b74d8}: 'void java.lang.invoke.DirectMethodHandle$Holder.invokeInterface(java.lang.Object, java.lang.Object)'> (0x00000000a46b74d8) 
thrown [s\open\src\hotspot\share\interpreter\linkResolver.cpp, line 773]
Event: 17.589 Thread 0x00000299791dd1d0 Implicit null exception at 0x0000029968220251 to 0x000002996822074c
Event: 17.589 Thread 0x00000299791dd1d0 Implicit null exception at 0x000002996822239a to 0x00000299682223d4
Event: 17.636 Thread 0x00000299791dd1d0 Implicit null exception at 0x00000299683dc5b0 to 0x00000299683ddfec
Event: 17.646 Thread 0x00000299791dd1d0 Exception <a 'java/lang/IncompatibleClassChangeError'{0x00000000a4fcc528}: Found class java.lang.Object, but interface was expected> (0x00000000a4fcc528) 
thrown [s\open\src\hotspot\share\interpreter\linkResolver.cpp, line 840]
Event: 17.724 Thread 0x00000299791dd1d0 Exception <a 'java/lang/IncompatibleClassChangeError'{0x00000000a4d7eb38}: Found class java.lang.Object, but interface was expected> (0x00000000a4d7eb38) 
thrown [s\open\src\hotspot\share\interpreter\linkResolver.cpp, line 840]
Event: 18.031 Thread 0x00000299791dd1d0 Exception <a 'java/lang/IncompatibleClassChangeError'{0x00000000a47a78e8}: Found class java.lang.Object, but interface was expected> (0x00000000a47a78e8) 
thrown [s\open\src\hotspot\share\interpreter\linkResolver.cpp, line 840]
Event: 18.190 Thread 0x00000299791dd1d0 Exception <a 'java/lang/IncompatibleClassChangeError'{0x00000000a427e138}: Found class java.lang.Object, but interface was expected> (0x00000000a427e138) 
thrown [s\open\src\hotspot\share\interpreter\linkResolver.cpp, line 840]

ZGC Phase Switch (0 events):
No events

VM Operations (20 events):
Event: 19.853 Executing VM operation: G1PauseCleanup done
Event: 20.302 Executing VM operation: G1CollectForAllocation (G1 Evacuation Pause)
Event: 20.309 Executing VM operation: G1CollectForAllocation (G1 Evacuation Pause) done
Event: 20.555 Executing VM operation: G1CollectForAllocation (G1 Evacuation Pause)
Event: 20.565 Executing VM operation: G1CollectForAllocation (G1 Evacuation Pause) done
Event: 20.629 Executing VM operation: G1TryInitiateConcMark (G1 Humongous Allocation)
Event: 20.640 Executing VM operation: G1TryInitiateConcMark (G1 Humongous Allocation) done
Event: 20.732 Executing VM operation: G1PauseRemark
Event: 20.736 Executing VM operation: G1PauseRemark done
Event: 20.765 Executing VM operation: G1PauseCleanup
Event: 20.765 Executing VM operation: G1PauseCleanup done
Event: 20.862 Executing VM operation: G1CollectForAllocation (G1 Evacuation Pause)
Event: 20.882 Executing VM operation: G1CollectForAllocation (G1 Evacuation Pause) done
Event: 20.965 Executing VM operation: G1CollectForAllocation (G1 Evacuation Pause)
Event: 20.982 Executing VM operation: G1CollectForAllocation (G1 Evacuation Pause) done
Event: 21.043 Executing VM operation: G1CollectForAllocation (G1 Evacuation Pause)
Event: 21.056 Executing VM operation: G1CollectForAllocation (G1 Evacuation Pause) done
Event: 21.149 Executing VM operation: G1PauseRemark
Event: 21.154 Executing VM operation: G1PauseRemark done
Event: 21.176 Executing VM operation: G1CollectForAllocation (G1 Evacuation Pause)

Events (20 events):
Event: 21.153 Thread 0x000002997409a3e0 flushing nmethod 0x00000299606f0a10
Event: 21.153 Thread 0x000002997409a3e0 flushing nmethod 0x00000299609ab910
Event: 21.153 Thread 0x000002997409a3e0 flushing nmethod 0x0000029960f05610
Event: 21.153 Thread 0x000002997409a3e0 flushing nmethod 0x000002996828d710
Event: 21.153 Thread 0x000002997409a3e0 flushing nmethod 0x0000029961106d10
Event: 21.153 Thread 0x000002997409a3e0 flushing nmethod 0x0000029961117090
Event: 21.153 Thread 0x000002997409a3e0 flushing nmethod 0x0000029961123910
Event: 21.153 Thread 0x000002997409a3e0 flushing nmethod 0x0000029961124610
Event: 21.153 Thread 0x000002997409a3e0 flushing nmethod 0x000002996835eb90
Event: 21.153 Thread 0x000002997409a3e0 flushing nmethod 0x0000029960732e10
Event: 21.153 Thread 0x000002997409a3e0 flushing nmethod 0x00000299607f2f90
Event: 21.153 Thread 0x000002997409a3e0 flushing nmethod 0x0000029960c7a810
Event: 21.153 Thread 0x000002997409a3e0 flushing nmethod 0x000002996061d690
Event: 21.153 Thread 0x000002997409a3e0 flushing nmethod 0x0000029960713a10
Event: 21.153 Thread 0x000002997409a3e0 flushing nmethod 0x0000029960b8e310
Event: 21.153 Thread 0x000002997409a3e0 flushing nmethod 0x000002996091b510
Event: 21.153 Thread 0x000002997409a3e0 flushing nmethod 0x0000029960e18290
Event: 21.153 Thread 0x000002997409a3e0 flushing nmethod 0x0000029961129410
Event: 21.153 Thread 0x000002997409a3e0 flushing nmethod 0x000002996112ac10
Event: 21.153 Thread 0x000002997409a3e0 flushing nmethod 0x000002996112e010


Dynamic libraries:
0x00007ff7055b0000 - 0x00007ff7055c0000 	E:\SEMESTER 5\APAP\jdk\bin\java.exe
0x00007ffb59c10000 - 0x00007ffb59e27000 	C:\WINDOWS\SYSTEM32\ntdll.dll
0x00007ffb58960000 - 0x00007ffb58a24000 	C:\WINDOWS\System32\KERNEL32.DLL
0x00007ffb56e40000 - 0x00007ffb57213000 	C:\WINDOWS\System32\KERNELBASE.dll
0x00007ffb576c0000 - 0x00007ffb577d1000 	C:\WINDOWS\System32\ucrtbase.dll
0x00007ffb39a70000 - 0x00007ffb39a89000 	E:\SEMESTER 5\APAP\jdk\bin\jli.dll
0x00007ffb58d30000 - 0x00007ffb58de1000 	C:\WINDOWS\System32\ADVAPI32.dll
0x00007ffb58a30000 - 0x00007ffb58ad7000 	C:\WINDOWS\System32\msvcrt.dll
0x00007ffb361f0000 - 0x00007ffb3620b000 	E:\SEMESTER 5\APAP\jdk\bin\VCRUNTIME140.dll
0x00007ffb59b20000 - 0x00007ffb59bc7000 	C:\WINDOWS\System32\sechost.dll
0x00007ffb57470000 - 0x00007ffb57498000 	C:\WINDOWS\System32\bcrypt.dll
0x00007ffb587f0000 - 0x00007ffb58904000 	C:\WINDOWS\System32\RPCRT4.dll
0x00007ffb58ec0000 - 0x00007ffb59071000 	C:\WINDOWS\System32\USER32.dll
0x00007ffb57610000 - 0x00007ffb57636000 	C:\WINDOWS\System32\win32u.dll
0x00007ffb57db0000 - 0x00007ffb57dd9000 	C:\WINDOWS\System32\GDI32.dll
0x00007ffb462e0000 - 0x00007ffb4657b000 	C:\WINDOWS\WinSxS\amd64_microsoft.windows.common-controls_6595b64144ccf1df_6.0.22621.5262_none_2712bde373830908\COMCTL32.dll
0x00007ffb572a0000 - 0x00007ffb573c2000 	C:\WINDOWS\System32\gdi32full.dll
0x00007ffb573d0000 - 0x00007ffb5746a000 	C:\WINDOWS\System32\msvcp_win.dll
0x00007ffb4d590000 - 0x00007ffb4d59a000 	C:\WINDOWS\SYSTEM32\VERSION.dll
0x00007ffb57a40000 - 0x00007ffb57a71000 	C:\WINDOWS\System32\IMM32.DLL
0x00007ffb42cd0000 - 0x00007ffb42cdc000 	E:\SEMESTER 5\APAP\jdk\bin\vcruntime140_1.dll
0x00007ffb09df0000 - 0x00007ffb09e7e000 	E:\SEMESTER 5\APAP\jdk\bin\msvcp140.dll
0x00007ffaa00f0000 - 0x00007ffaa0e03000 	E:\SEMESTER 5\APAP\jdk\bin\server\jvm.dll
0x00007ffb58690000 - 0x00007ffb58701000 	C:\WINDOWS\System32\WS2_32.dll
0x00007ffb56bd0000 - 0x00007ffb56c1d000 	C:\WINDOWS\SYSTEM32\POWRPROF.dll
0x00007ffb52960000 - 0x00007ffb52994000 	C:\WINDOWS\SYSTEM32\WINMM.dll
0x00007ffb56bb0000 - 0x00007ffb56bc3000 	C:\WINDOWS\SYSTEM32\UMPDC.dll
0x00007ffb55d10000 - 0x00007ffb55d28000 	C:\WINDOWS\SYSTEM32\kernel.appcore.dll
0x00007ffb42c20000 - 0x00007ffb42c2a000 	E:\SEMESTER 5\APAP\jdk\bin\jimage.dll
0x00007ffb54820000 - 0x00007ffb54a52000 	C:\WINDOWS\SYSTEM32\DBGHELP.DLL
0x00007ffb59780000 - 0x00007ffb59b13000 	C:\WINDOWS\System32\combase.dll
0x00007ffb58710000 - 0x00007ffb587e7000 	C:\WINDOWS\System32\OLEAUT32.dll
0x00007ffb4f330000 - 0x00007ffb4f362000 	C:\WINDOWS\SYSTEM32\dbgcore.DLL
0x00007ffb57640000 - 0x00007ffb576bb000 	C:\WINDOWS\System32\bcryptPrimitives.dll
0x00007ffb32130000 - 0x00007ffb3214f000 	E:\SEMESTER 5\APAP\jdk\bin\java.dll
0x00007ffb57de0000 - 0x00007ffb5867d000 	C:\WINDOWS\System32\SHELL32.dll
0x00007ffb56d00000 - 0x00007ffb56e3f000 	C:\WINDOWS\System32\wintypes.dll
0x00007ffb54a80000 - 0x00007ffb5539d000 	C:\WINDOWS\SYSTEM32\windows.storage.dll
0x00007ffb59080000 - 0x00007ffb5918b000 	C:\WINDOWS\System32\SHCORE.dll
0x00007ffb58af0000 - 0x00007ffb58b56000 	C:\WINDOWS\System32\shlwapi.dll
0x00007ffb56c30000 - 0x00007ffb56c5b000 	C:\WINDOWS\SYSTEM32\profapi.dll
0x00007ffab19c0000 - 0x00007ffab1a97000 	E:\SEMESTER 5\APAP\jdk\bin\jsvml.dll
0x00007ffb3e240000 - 0x00007ffb3e250000 	E:\SEMESTER 5\APAP\jdk\bin\net.dll
0x00007ffb525a0000 - 0x00007ffb526cc000 	C:\WINDOWS\SYSTEM32\WINHTTP.dll
0x00007ffb561c0000 - 0x00007ffb5622a000 	C:\WINDOWS\system32\mswsock.dll
0x00007ffb315d0000 - 0x00007ffb315e6000 	E:\SEMESTER 5\APAP\jdk\bin\nio.dll
0x00007ffb2eda0000 - 0x00007ffb2edb8000 	E:\SEMESTER 5\APAP\jdk\bin\zip.dll
0x00007ffb3db40000 - 0x00007ffb3db4a000 	E:\SEMESTER 5\APAP\jdk\bin\management.dll
0x00007ffb3adc0000 - 0x00007ffb3adcb000 	E:\SEMESTER 5\APAP\jdk\bin\management_ext.dll
0x00007ffb59700000 - 0x00007ffb59708000 	C:\WINDOWS\System32\PSAPI.DLL
0x00007ffb37be0000 - 0x00007ffb37bee000 	E:\SEMESTER 5\APAP\jdk\bin\sunmscapi.dll
0x00007ffb574a0000 - 0x00007ffb57607000 	C:\WINDOWS\System32\CRYPT32.dll
0x00007ffb565d0000 - 0x00007ffb565fd000 	C:\WINDOWS\SYSTEM32\ncrypt.dll
0x00007ffb56590000 - 0x00007ffb565c7000 	C:\WINDOWS\SYSTEM32\NTASN1.dll
0x00007ffb56410000 - 0x00007ffb5642b000 	C:\WINDOWS\SYSTEM32\CRYPTSP.dll
0x00007ffb55c70000 - 0x00007ffb55ca7000 	C:\WINDOWS\system32\rsaenh.dll
0x00007ffb562b0000 - 0x00007ffb562d8000 	C:\WINDOWS\SYSTEM32\USERENV.dll
0x00007ffb56430000 - 0x00007ffb5643c000 	C:\WINDOWS\SYSTEM32\CRYPTBASE.dll
0x00007ffb55760000 - 0x00007ffb5578d000 	C:\WINDOWS\SYSTEM32\IPHLPAPI.DLL
0x00007ffb57a30000 - 0x00007ffb57a39000 	C:\WINDOWS\System32\NSI.dll
0x00007ffb36ea0000 - 0x00007ffb36eb0000 	E:\SEMESTER 5\APAP\jdk\bin\verify.dll
0x00007ffb557d0000 - 0x00007ffb558c8000 	C:\WINDOWS\SYSTEM32\DNSAPI.dll
0x00007ffb4d250000 - 0x00007ffb4d25a000 	C:\Windows\System32\rasadhlp.dll
0x00007ffb4f6e0000 - 0x00007ffb4f763000 	C:\WINDOWS\System32\fwpuclnt.dll
0x00007ffb37350000 - 0x00007ffb37359000 	E:\SEMESTER 5\APAP\jdk\bin\extnet.dll

dbghelp: loaded successfully - version: 4.0.5 - missing functions: none
symbol engine: initialized successfully - sym options: 0x614 - pdb path: .;E:\SEMESTER 5\APAP\jdk\bin;C:\WINDOWS\SYSTEM32;C:\WINDOWS\WinSxS\amd64_microsoft.windows.common-controls_6595b64144ccf1df_6.0.22621.5262_none_2712bde373830908;E:\SEMESTER 5\APAP\jdk\bin\server

VM Arguments:
jvm_args: -XX:+ShowCodeDetailsInExceptionMessages 
java_command: com.example.codingCamp.CodingCampApplication
java_class_path (initial): E:\Learntic\codingCamp\target\classes;C:\Users\Lenovo\.m2\repository\org\springframework\boot\spring-boot-starter-web\3.4.5\spring-boot-starter-web-3.4.5.jar;C:\Users\Lenovo\.m2\repository\org\springframework\boot\spring-boot-starter\3.4.5\spring-boot-starter-3.4.5.jar;C:\Users\Lenovo\.m2\repository\org\springframework\boot\spring-boot-starter-logging\3.4.5\spring-boot-starter-logging-3.4.5.jar;C:\Users\Lenovo\.m2\repository\ch\qos\logback\logback-classic\1.5.18\logback-classic-1.5.18.jar;C:\Users\Lenovo\.m2\repository\ch\qos\logback\logback-core\1.5.18\logback-core-1.5.18.jar;C:\Users\Lenovo\.m2\repository\org\apache\logging\log4j\log4j-to-slf4j\2.24.3\log4j-to-slf4j-2.24.3.jar;C:\Users\Lenovo\.m2\repository\org\apache\logging\log4j\log4j-api\2.24.3\log4j-api-2.24.3.jar;C:\Users\Lenovo\.m2\repository\org\slf4j\jul-to-slf4j\2.0.17\jul-to-slf4j-2.0.17.jar;C:\Users\Lenovo\.m2\repository\jakarta\annotation\jakarta.annotation-api\2.1.1\jakarta.annotation-api-2.1.1.jar;C:\Users\Lenovo\.m2\repository\org\yaml\snakeyaml\2.3\snakeyaml-2.3.jar;C:\Users\Lenovo\.m2\repository\org\springframework\boot\spring-boot-starter-json\3.4.5\spring-boot-starter-json-3.4.5.jar;C:\Users\Lenovo\.m2\repository\com\fasterxml\jackson\datatype\jackson-datatype-jdk8\2.18.3\jackson-datatype-jdk8-2.18.3.jar;C:\Users\Lenovo\.m2\repository\com\fasterxml\jackson\datatype\jackson-datatype-jsr310\2.18.3\jackson-datatype-jsr310-2.18.3.jar;C:\Users\Lenovo\.m2\repository\com\fasterxml\jackson\module\jackson-module-parameter-names\2.18.3\jackson-module-parameter-names-2.18.3.jar;C:\Users\Lenovo\.m2\repository\org\springframework\boot\spring-boot-starter-tomcat\3.4.5\spring-boot-starter-tomcat-3.4.5.jar;C:\Users\Lenovo\.m2\repository\org\apache\tomcat\embed\tomcat-embed-core\10.1.40\tomcat-embed-core-10.1.40.jar;C:\Users\Lenovo\.m2\repository\org\apache\tomcat\embed\tomcat-embed-websocket\10.1.40\tomcat-embed-websocket-10.1.40.jar;C:\Users\Lenovo\.m2\repository\org\springframework\spring-web\6.2.6\spring-web-6.2.6.jar;C:\Users\Lenovo\.m2\repository\org\springframework\spring-beans\6.2.6\spring-beans-6.2.6.jar;C:\Users\Lenovo\.m2\repository\io\micrometer\micrometer-observation\1.14.6\micrometer-observation-1.14.6.jar;C:\Users\Lenovo\.m2\repository\io\micrometer\micrometer-commons\1.14.6\micrometer-commons-1.14.6.jar;C:\Users\Lenovo\.m2\repository\org\springframework\spring-webmvc\6.2.6\spring-webmvc-6.2.6.jar;C:\Users\Lenovo\.m2\repository\org\springframework\spring-context\6.2.6\spring-context-6.2.6.jar;C:\Users\Lenovo\.m2\repository\org\springframework\spring-expression\6.2.6\spring-expression-6.2.6.jar;C:\Users\Lenovo\.m2\repository\org\springframework\boot\spring-boot-starter-data-jpa\3.4.5\spring-boot-starter-data-jpa-3.4.5.jar;C:\Users\Lenovo\.m2\repository\org\springframework\boot\spring-boot-starter-jdbc\3.4.5\spring-boot-starter-jdbc-3.4.5.jar;C:\Users\Lenovo\.m2\repository\com\zaxxer\HikariCP\5.1.0\HikariCP-5.1.0.jar;C:\Users\Lenovo\.m2\repository\org\springframework\spring-jdbc\6.2.6\spring-jdbc-6.2.6.jar;C:\Users\Lenovo\.m2\repository\org\hibernate\orm\hibernate-core\6.6.13.Final\hibernate-core-6.6.13.Final.jar;C:\Users\Lenovo\.m2\repository\jakarta\persistence\jakarta.persistence-api\3.1.0\jakarta.persistence-api-3.1.0.jar;C:\Users\Lenovo\.m2\repository\jakarta\transaction\jakarta.transaction-api\2.0.1\jakarta.transaction-api-2.0.1.jar;C:\Users\Lenovo\.m2\repository\org\jboss\logging\jboss-logging\3.6.1.Final\jboss-logging-3.6.1.Final.jar;C:\Users\Lenovo\.m2\repository\org\hibernate\common\hibernate-commons-annotations\7.0.3.Final\hibernate-commons-annotations-7.0.3.Final.jar;C:\Users\Lenovo\.m2\repository\io\smallrye\jandex\3.2.0\jandex-3.2.0.jar;C:\Users\Lenovo\.m2\repository\com\fasterxml\classmate\1.7.0\classmate-1.7.0.jar;C:\Users\Lenovo\.m2\repository\net\bytebuddy\byte-buddy\1.15.11\byte-buddy-1.15.11.jar;C:\Users\Lenovo\.m2\repository\jakarta\inject\jakarta.inject-api\2.0.1\jakarta.inject-api-2.0.1.jar;C:\Users\Lenovo\.m2\repository\org\antlr\antlr4-runtime\4.13.0\antlr4-runtime-4.13.0.jar;C:\Users\Lenovo\.m2\repository\org\springframework\data\spring-data-jpa\3.4.5\spring-data-jpa-3.4.5.jar;C:\Users\Lenovo\.m2\repository\org\springframework\data\spring-data-commons\3.4.5\spring-data-commons-3.4.5.jar;C:\Users\Lenovo\.m2\repository\org\springframework\spring-orm\6.2.6\spring-orm-6.2.6.jar;C:\Users\Lenovo\.m2\repository\org\springframework\spring-tx\6.2.6\spring-tx-6.2.6.jar;C:\Users\Lenovo\.m2\repository\org\slf4j\slf4j-api\2.0.17\slf4j-api-2.0.17.jar;C:\Users\Lenovo\.m2\repository\org\springframework\spring-aspects\6.2.6\spring-aspects-6.2.6.jar;C:\Users\Lenovo\.m2\repository\org\aspectj\aspectjweaver\1.9.24\aspectjweaver-1.9.24.jar;C:\Users\Lenovo\.m2\repository\org\springframework\boot\spring-boot-starter-validation\3.4.5\spring-boot-starter-validation-3.4.5.jar;C:\Users\Lenovo\.m2\repository\org\apache\tomcat\embed\tomcat-embed-el\10.1.40\tomcat-embed-el-10.1.40.jar;C:\Users\Lenovo\.m2\repository\org\hibernate\validator\hibernate-validator\8.0.2.Final\hibernate-validator-8.0.2.Final.jar;C:\Users\Lenovo\.m2\repository\jakarta\validation\jakarta.validation-api\3.0.2\jakarta.validation-api-3.0.2.jar;C:\Users\Lenovo\.m2\repository\org\springframework\boot\spring-boot-starter-security\3.4.5\spring-boot-starter-security-3.4.5.jar;C:\Users\Lenovo\.m2\repository\org\springframework\spring-aop\6.2.6\spring-aop-6.2.6.jar;C:\Users\Lenovo\.m2\repository\org\springframework\security\spring-security-config\6.4.5\spring-security-config-6.4.5.jar;C:\Users\Lenovo\.m2\repository\org\springframework\security\spring-security-web\6.4.5\spring-security-web-6.4.5.jar;C:\Users\Lenovo\.m2\repository\org\springframework\boot\spring-boot-starter-webflux\3.4.5\spring-boot-starter-webflux-3.4.5.jar;C:\Users\Lenovo\.m2\repository\org\springframework\boot\spring-boot-starter-reactor-netty\3.4.5\spring-boot-starter-reactor-netty-3.4.5.jar;C:\Users\Lenovo\.m2\repository\io\projectreactor\netty\reactor-netty-http\1.2.5\reactor-netty-http-1.2.5.jar;C:\Users\Lenovo\.m2\repository\io\netty\netty-codec-http\4.1.119.Final\netty-codec-http-4.1.119.Final.jar;C:\Users\Lenovo\.m2\repository\io\netty\netty-common\4.1.119.Final\netty-common-4.1.119.Final.jar;C:\Users\Lenovo\.m2\repository\io\netty\netty-buffer\4.1.119.Final\netty-buffer-4.1.119.Final.jar;C:\Users\Lenovo\.m2\repository\io\netty\netty-transport\4.1.119.Final\netty-transport-4.1.119.Final.jar;C:\Users\Lenovo\.m2\repository\io\netty\netty-codec\4.1.119.Final\netty-codec-4.1.119.Final.jar;C:\Users\Lenovo\.m2\repository\io\netty\netty-handler\4.1.119.Final\netty-handler-4.1.119.Final.jar;C:\Users\Lenovo\.m2\repository\io\netty\netty-codec-http2\4.1.119.Final\netty-codec-http2-4.1.119.Final.jar;C:\Users\Lenovo\.m2\repository\io\netty\netty-resolver-dns\4.1.119.Final\netty-resolver-dns-4.1.119.Final.jar;C:\Users\Lenovo\.m2\repository\io\netty\netty-resolver\4.1.119.Final\netty-resolver-4.1.119.Final.jar;C:\Users\Lenovo\.m2\repository\io\netty\netty-codec-dns\4.1.119.Final\netty-codec-dns-4.1.119.Final.jar;C:\Users\Lenovo\.m2\repository\io\netty\netty-resolver-dns-native-macos\4.1.119.Final\netty-resolver-dns-native-macos-4.1.119.Final-osx-x86_64.jar;C:\Users\Lenovo\.m2\repository\io\netty\netty-resolver-dns-classes-macos\4.1.119.Final\netty-resolver-dns-classes-macos-4.1.119.Final.jar;C:\Users\Lenovo\.m2\repository\io\netty\netty-transport-native-epoll\4.1.119.Final\netty-transport-native-epoll-4.1.119.Final-linux-x86_64.jar;C:\Users\Lenovo\.m2\repository\io\netty\netty-transport-native-unix-common\4.1.119.Final\netty-transport-native-unix-common-4.1.119.Final.jar;C:\Users\Lenovo\.m2\repository\io\netty\netty-transport-classes-epoll\4.1.119.Final\netty-transport-classes-epoll-4.1.119.Final.jar;C:\Users\Lenovo\.m2\repository\io\projectreactor\netty\reactor-netty-core\1.2.5\reactor-netty-core-1.2.5.jar;C:\Users\Lenovo\.m2\repository\io\netty\netty-handler-proxy\4.1.119.Final\netty-handler-proxy-4.1.119.Final.jar;C:\Users\Lenovo\.m2\repository\io\netty\netty-codec-socks\4.1.119.Final\netty-codec-socks-4.1.119.Final.jar;C:\Users\Lenovo\.m2\repository\org\springframework\spring-webflux\6.2.6\spring-webflux-6.2.6.jar;C:\Users\Lenovo\.m2\repository\io\projectreactor\reactor-core\3.7.5\reactor-core-3.7.5.jar;C:\Users\Lenovo\.m2\repository\org\reactivestreams\reactive-streams\1.0.4\reactive-streams-1.0.4.jar;C:\Users\Lenovo\.m2\repository\org\springframework\boot\spring-boot-devtools\3.4.5\spring-boot-devtools-3.4.5.jar;C:\Users\Lenovo\.m2\repository\org\springframework\boot\spring-boot\3.4.5\spring-boot-3.4.5.jar;C:\Users\Lenovo\.m2\repository\org\springframework\boot\spring-boot-autoconfigure\3.4.5\spring-boot-autoconfigure-3.4.5.jar;C:\Users\Lenovo\.m2\repository\org\postgresql\postgresql\42.7.5\postgresql-42.7.5.jar;C:\Users\Lenovo\.m2\repository\org\checkerframework\checker-qual\3.48.3\checker-qual-3.48.3.jar;C:\Users\Lenovo\.m2\repository\org\projectlombok\lombok\1.18.38\lombok-1.18.38.jar;C:\Users\Lenovo\.m2\repository\com\github\javafaker\javafaker\1.0.2\javafaker-1.0.2.jar;C:\Users\Lenovo\.m2\repository\org\apache\commons\commons-lang3\3.17.0\commons-lang3-3.17.0.jar;C:\Users\Lenovo\.m2\repository\com\github\mifmif\generex\1.0.2\generex-1.0.2.jar;C:\Users\Lenovo\.m2\repository\dk\brics\automaton\automaton\1.11-8\automaton-1.11-8.jar;C:\Users\Lenovo\.m2\repository\com\fasterxml\jackson\core\jackson-databind\2.18.3\jackson-databind-2.18.3.jar;C:\Users\Lenovo\.m2\repository\com\fasterxml\jackson\core\jackson-annotations\2.18.3\jackson-annotations-2.18.3.jar;C:\Users\Lenovo\.m2\repository\com\fasterxml\jackson\core\jackson-core\2.18.3\jackson-core-2.18.3.jar;C:\Users\Lenovo\.m2\repository\jakarta\xml\bind\jakarta.xml.bind-api\4.0.2\jakarta.xml.bind-api-4.0.2.jar;C:\Users\Lenovo\.m2\repository\jakarta\activation\jakarta.activation-api\2.1.3\jakarta.activation-api-2.1.3.jar;C:\Users\Lenovo\.m2\repository\org\glassfish\jaxb\jaxb-runtime\4.0.5\jaxb-runtime-4.0.5.jar;C:\Users\Lenovo\.m2\repository\org\glassfish\jaxb\jaxb-core\4.0.5\jaxb-core-4.0.5.jar;C:\Users\Lenovo\.m2\repository\org\eclipse\angus\angus-activation\2.0.2\angus-activation-2.0.2.jar;C:\Users\Lenovo\.m2\repository\org\glassfish\jaxb\txw2\4.0.5\txw2-4.0.5.jar;C:\Users\Lenovo\.m2\repository\com\sun\istack\istack-commons-runtime\4.1.2\istack-commons-runtime-4.1.2.jar;C:\Users\Lenovo\.m2\repository\io\jsonwebtoken\jjwt-api\0.12.6\jjwt-api-0.12.6.jar;C:\Users\Lenovo\.m2\repository\io\jsonwebtoken\jjwt-impl\0.12.6\jjwt-impl-0.12.6.jar;C:\Users\Lenovo\.m2\repository\io\jsonwebtoken\jjwt-jackson\0.12.6\jjwt-jackson-0.12.6.jar;C:\Users\Lenovo\.m2\repository\org\springframework\spring-core\6.2.6\spring-core-6.2.6.jar;C:\Users\Lenovo\.m2\repository\org\springframework\spring-jcl\6.2.6\spring-jcl-6.2.6.jar;C:\Users\Lenovo\.m2\repository\org\springframework\security\spring-security-core\6.4.5\spring-security-core-6.4.5.jar;C:\Users\Lenovo\.m2\repository\org\springframework\security\spring-security-crypto\6.4.5\spring-security-crypto-6.4.5.jar
Launcher Type: SUN_STANDARD

[Global flags]
     intx CICompilerCount                          = 4                                         {product} {ergonomic}
     uint ConcGCThreads                            = 2                                         {product} {ergonomic}
     uint G1ConcRefinementThreads                  = 8                                         {product} {ergonomic}
   size_t G1HeapRegionSize                         = 1048576                                   {product} {ergonomic}
    uintx GCDrainStackTargetSize                   = 64                                        {product} {ergonomic}
   size_t InitialHeapSize                          = 98566144                                  {product} {ergonomic}
   size_t MarkStackSize                            = 4194304                                   {product} {ergonomic}
   size_t MaxHeapSize                              = 1574961152                                {product} {ergonomic}
   size_t MaxNewSize                               = 944766976                                 {product} {ergonomic}
   size_t MinHeapDeltaBytes                        = 1048576                                   {product} {ergonomic}
   size_t MinHeapSize                              = 8388608                                   {product} {ergonomic}
    uintx NonNMethodCodeHeapSize                   = 5839372                                {pd product} {ergonomic}
    uintx NonProfiledCodeHeapSize                  = 122909434                              {pd product} {ergonomic}
    uintx ProfiledCodeHeapSize                     = 122909434                              {pd product} {ergonomic}
    uintx ReservedCodeCacheSize                    = 251658240                              {pd product} {ergonomic}
     bool SegmentedCodeCache                       = true                                      {product} {ergonomic}
     bool ShowCodeDetailsInExceptionMessages       = true                                   {manageable} {command line}
   size_t SoftMaxHeapSize                          = 1574961152                             {manageable} {ergonomic}
     bool UseCompressedOops                        = true                           {product lp64_product} {ergonomic}
     bool UseG1GC                                  = true                                      {product} {ergonomic}
     bool UseLargePagesIndividualAllocation        = false                                  {pd product} {ergonomic}

Logging:
Log output configuration:
 #0: stdout all=warning uptime,level,tags foldmultilines=false
 #1: stderr all=off uptime,level,tags foldmultilines=false

Environment Variables:
JAVA_HOME=E:\SEMESTER 5\APAP\jdk
PATH=E:\SEMESTER 5\APAP\jdk\bin;C:\Program Files\Common Files\Oracle\Java\javapath;C:\Program Files (x86)\Common Files\Oracle\Java\java8path;C:\Program Files (x86)\Common Files\Oracle\Java\javapath;C:\WINDOWS\system32;C:\WINDOWS;C:\WINDOWS\System32\Wbem;C:\WINDOWS\System32\WindowsPowerShell\v1.0\;C:\WINDOWS\System32\OpenSSH\;C:\Program Files\Git\cmd;C:\Program Files\PuTTY\;E:\SEMESTER 5\APAP\jdk\bin;C:\Users\Lenovo\AppData\Local\Programs\Python\Python310;C:\Users\Lenovo\AppData\Local\Programs\Python\Python310\Scripts;C:\Program Files\PostgreSQL\16\bin;E:\SEMESTER 5\APAP\node.js\;C:\Program Files\Docker\Docker\resources\bin;C:\Users\Lenovo\Downloads\apache-maven-3.9.9-bin\apache-maven-3.9.9\bin;E:\SEMESTER 3\PBP\Flutter\flutter\bin;C:\Users\Lenovo\AppData\Local\Programs\Python\Python310\;C:\Users\Lenovo\AppData\Local\Microsoft\WindowsApps;C:\Users\Lenovo\AppData\Local\Programs\Microsoft VS Code\bin;C:\Program Files\Java\jdk1.8.0_281\bin;C:\Users\Lenovo\AppData\Roaming\npm
USERNAME=Lenovo
LANG=en_US.UTF-8
OS=Windows_NT
PROCESSOR_IDENTIFIER=AMD64 Family 23 Model 104 Stepping 1, AuthenticAMD
TMP=C:\Users\Lenovo\AppData\Local\Temp
TEMP=C:\Users\Lenovo\AppData\Local\Temp




Periodic native trim disabled

---------------  S Y S T E M  ---------------

OS:
 Windows 11 , 64 bit Build 22621 (10.0.22621.5262)
OS uptime: 22 days 6:21 hours
Hyper-V role detected

CPU: total 8 (initial active 8) (8 cores per cpu, 2 threads per core) family 23 model 104 stepping 1 microcode 0x0, cx8, cmov, fxsr, ht, mmx, 3dnowpref, sse, sse2, sse3, ssse3, sse4a, sse4.1, sse4.2, popcnt, lzcnt, tsc, tscinvbit, avx, avx2, aes, clmul, bmi1, bmi2, adx, sha, fma, vzeroupper, clflush, clflushopt, hv, rdtscp, rdpid, f16c
Processor Information for processor 0
  Max Mhz: 2600, Current Mhz: 2600, Mhz Limit: 2600
Processor Information for processor 1
  Max Mhz: 2600, Current Mhz: 2080, Mhz Limit: 2600
Processor Information for processor 2
  Max Mhz: 2600, Current Mhz: 2600, Mhz Limit: 2600
Processor Information for processor 3
  Max Mhz: 2600, Current Mhz: 2600, Mhz Limit: 2600
Processor Information for processor 4
  Max Mhz: 2600, Current Mhz: 2600, Mhz Limit: 2600
Processor Information for processor 5
  Max Mhz: 2600, Current Mhz: 2600, Mhz Limit: 2600
Processor Information for processor 6
  Max Mhz: 2600, Current Mhz: 2080, Mhz Limit: 2600
Processor Information for processor 7
  Max Mhz: 2600, Current Mhz: 2600, Mhz Limit: 2600

Memory: 4k page, system-wide physical 6005M (130M free)
TotalPageFile size 24437M (AvailPageFile size 109M)
current process WorkingSet (physical memory assigned to process): 373M, peak: 374M
current process commit charge ("private bytes"): 499M, peak: 748M

vm_info: Java HotSpot(TM) 64-Bit Server VM (21.0.4+8-LTS-274) for windows-amd64 JRE (21.0.4+8-LTS-274), built on 2024-06-05T05:23:33Z by "mach5one" with MS VC++ 17.6 (VS2022)

END.
